[2021-03-26 12:25:41.426] [exthost] [info] extension host started
[2021-03-26 12:25:41.477] [exthost] [info] ExtensionService#_doActivateExtension vscode.debug-auto-launch {"startup":true,"extensionId":{"value":"vscode.debug-auto-launch","_lower":"vscode.debug-auto-launch"},"activationEvent":"*"}
[2021-03-26 12:25:41.477] [exthost] [info] ExtensionService#loadCommonJSModule file:///usr/lib/code/extensions/debug-auto-launch/dist/extension
[2021-03-26 12:25:41.481] [exthost] [info] ExtensionService#_doActivateExtension vscode.git {"startup":true,"extensionId":{"value":"vscode.github","_lower":"vscode.github"},"activationEvent":"*"}
[2021-03-26 12:25:41.481] [exthost] [info] ExtensionService#loadCommonJSModule file:///usr/lib/code/extensions/git/dist/main
[2021-03-26 12:25:41.510] [exthost] [info] ExtensionService#_doActivateExtension vscodevim.vim {"startup":true,"extensionId":{"value":"vscodevim.vim","_lower":"vscodevim.vim"},"activationEvent":"*"}
[2021-03-26 12:25:41.510] [exthost] [info] ExtensionService#loadCommonJSModule file:///home/luke/.vscode-oss/extensions/vscodevim.vim-1.19.0/out/extension
[2021-03-26 12:25:41.820] [exthost] [info] ExtensionService#_doActivateExtension vscode.github {"startup":true,"extensionId":{"value":"vscode.github","_lower":"vscode.github"},"activationEvent":"*"}
[2021-03-26 12:25:41.820] [exthost] [info] ExtensionService#loadCommonJSModule file:///usr/lib/code/extensions/github/dist/extension.js
[2021-03-26 12:25:41.850] [exthost] [info] eager extensions activated
[2021-03-26 12:25:41.851] [exthost] [info] ExtensionService#_doActivateExtension ms-vscode.js-debug {"startup":false,"extensionId":{"value":"ms-vscode.js-debug","_lower":"ms-vscode.js-debug"},"activationEvent":"onCommand:extension.js-debug.clearAutoAttachVariables"}
[2021-03-26 12:25:41.851] [exthost] [info] ExtensionService#loadCommonJSModule file:///usr/lib/code/extensions/ms-vscode.js-debug/src/extension.js
[2021-03-26 12:25:41.945] [exthost] [info] ExtensionService#_doActivateExtension vscode.emmet {"startup":false,"extensionId":{"value":"vscode.emmet","_lower":"vscode.emmet"},"activationEvent":"onStartupFinished"}
[2021-03-26 12:25:41.945] [exthost] [info] ExtensionService#loadCommonJSModule file:///usr/lib/code/extensions/emmet/dist/node/emmetNodeMain
[2021-03-26 12:25:41.955] [exthost] [info] ExtensionService#_doActivateExtension vscode.merge-conflict {"startup":false,"extensionId":{"value":"vscode.merge-conflict","_lower":"vscode.merge-conflict"},"activationEvent":"onStartupFinished"}
[2021-03-26 12:25:41.955] [exthost] [info] ExtensionService#loadCommonJSModule file:///usr/lib/code/extensions/merge-conflict/dist/mergeConflictMain
[2021-03-26 12:25:41.957] [exthost] [info] ExtensionService#_doActivateExtension vscode.testing-editor-contributions {"startup":false,"extensionId":{"value":"vscode.testing-editor-contributions","_lower":"vscode.testing-editor-contributions"},"activationEvent":"onStartupFinished"}
[2021-03-26 12:25:41.958] [exthost] [info] ExtensionService#loadCommonJSModule file:///usr/lib/code/extensions/testing-editor-contributions/dist/extension.js
[2021-03-26 12:25:55.980] [exthost] [info] extension host terminating: received terminate message from renderer
[2021-03-26 12:25:56.987] [exthost] [info] exiting with code 0
[2021-03-26 12:25:57.376] [exthost] [info] extension host started
[2021-03-26 12:25:57.397] [exthost] [info] ExtensionService#_doActivateExtension vscode.debug-auto-launch {"startup":true,"extensionId":{"value":"vscode.debug-auto-launch","_lower":"vscode.debug-auto-launch"},"activationEvent":"*"}
[2021-03-26 12:25:57.397] [exthost] [info] ExtensionService#loadCommonJSModule file:///usr/lib/code/extensions/debug-auto-launch/dist/extension
[2021-03-26 12:25:57.399] [exthost] [info] ExtensionService#_doActivateExtension vscode.git {"startup":true,"extensionId":{"value":"vscode.github","_lower":"vscode.github"},"activationEvent":"*"}
[2021-03-26 12:25:57.399] [exthost] [info] ExtensionService#loadCommonJSModule file:///usr/lib/code/extensions/git/dist/main
[2021-03-26 12:25:57.414] [exthost] [info] ExtensionService#_doActivateExtension vscodevim.vim {"startup":true,"extensionId":{"value":"vscodevim.vim","_lower":"vscodevim.vim"},"activationEvent":"*"}
[2021-03-26 12:25:57.414] [exthost] [info] ExtensionService#loadCommonJSModule file:///home/luke/.vscode-oss/extensions/vscodevim.vim-1.19.0/out/extension
[2021-03-26 12:25:57.572] [exthost] [info] ExtensionService#_doActivateExtension vscode.github {"startup":true,"extensionId":{"value":"vscode.github","_lower":"vscode.github"},"activationEvent":"*"}
[2021-03-26 12:25:57.572] [exthost] [info] ExtensionService#loadCommonJSModule file:///usr/lib/code/extensions/github/dist/extension.js
[2021-03-26 12:25:57.604] [exthost] [info] ExtensionService#_doActivateExtension ms-vscode.js-debug {"startup":false,"extensionId":{"value":"ms-vscode.js-debug","_lower":"ms-vscode.js-debug"},"activationEvent":"onCommand:extension.js-debug.clearAutoAttachVariables"}
[2021-03-26 12:25:57.605] [exthost] [info] ExtensionService#loadCommonJSModule file:///usr/lib/code/extensions/ms-vscode.js-debug/src/extension.js
[2021-03-26 12:25:57.721] [exthost] [info] eager extensions activated
[2021-03-26 12:25:57.742] [exthost] [info] ExtensionService#_doActivateExtension vscode.emmet {"startup":false,"extensionId":{"value":"vscode.emmet","_lower":"vscode.emmet"},"activationEvent":"onStartupFinished"}
[2021-03-26 12:25:57.742] [exthost] [info] ExtensionService#loadCommonJSModule file:///usr/lib/code/extensions/emmet/dist/node/emmetNodeMain
[2021-03-26 12:25:57.750] [exthost] [info] ExtensionService#_doActivateExtension vscode.merge-conflict {"startup":false,"extensionId":{"value":"vscode.merge-conflict","_lower":"vscode.merge-conflict"},"activationEvent":"onStartupFinished"}
[2021-03-26 12:25:57.750] [exthost] [info] ExtensionService#loadCommonJSModule file:///usr/lib/code/extensions/merge-conflict/dist/mergeConflictMain
[2021-03-26 12:25:57.752] [exthost] [info] ExtensionService#_doActivateExtension vscode.testing-editor-contributions {"startup":false,"extensionId":{"value":"vscode.testing-editor-contributions","_lower":"vscode.testing-editor-contributions"},"activationEvent":"onStartupFinished"}
[2021-03-26 12:25:57.752] [exthost] [info] ExtensionService#loadCommonJSModule file:///usr/lib/code/extensions/testing-editor-contributions/dist/extension.js
[2021-03-26 12:26:00.124] [exthost] [info] ExtensionService#_doActivateExtension llvm-vs-code-extensions.vscode-clangd {"startup":false,"extensionId":{"value":"llvm-vs-code-extensions.vscode-clangd","_lower":"llvm-vs-code-extensions.vscode-clangd"},"activationEvent":"onLanguage:c"}
[2021-03-26 12:26:00.124] [exthost] [info] ExtensionService#loadCommonJSModule file:///home/luke/.vscode-oss/extensions/llvm-vs-code-extensions.vscode-clangd-0.1.11/out/src/extension
[2021-03-26 12:26:20.239] [exthost] [error] [llvm-vs-code-extensions.vscode-clangd] provider FAILED
[2021-03-26 12:26:20.239] [exthost] [error] {"_isCancelled":false,"_emitter":{"_disposed":false,"_listeners":{"_first":{},"_last":{},"_size":0}}}
[2021-03-26 12:37:22.238] [exthost] [info] ExtensionService#_doActivateExtension vscode.extension-editing {"startup":false,"extensionId":{"value":"vscode.extension-editing","_lower":"vscode.extension-editing"},"activationEvent":"onLanguage:markdown"}
[2021-03-26 12:37:22.239] [exthost] [info] ExtensionService#loadCommonJSModule file:///usr/lib/code/extensions/extension-editing/dist/extensionEditingMain
[2021-03-26 12:37:22.278] [exthost] [info] ExtensionService#_doActivateExtension vscode.markdown-language-features {"startup":false,"extensionId":{"value":"vscode.markdown-language-features","_lower":"vscode.markdown-language-features"},"activationEvent":"onLanguage:markdown"}
[2021-03-26 12:37:22.278] [exthost] [info] ExtensionService#loadCommonJSModule file:///usr/lib/code/extensions/markdown-language-features/dist/extension
[2021-03-26 12:48:12.923] [exthost] [warning] llvm-vs-code-extensions.vscode-clangd - Code actions of kind 'quickfix 'requested but returned code action is of kind 'refactor'. Code action will be dropped. Please check 'CodeActionContext.only' to only return requested code actions.
[2021-03-26 13:31:46.804] [exthost] [info] extension host terminating: received terminate message from renderer
[2021-03-26 13:31:47.816] [exthost] [info] exiting with code 0
[2021-03-26 13:31:48.157] [exthost] [info] extension host started
[2021-03-26 13:31:48.172] [exthost] [info] ExtensionService#_doActivateExtension vscode.debug-auto-launch {"startup":true,"extensionId":{"value":"vscode.debug-auto-launch","_lower":"vscode.debug-auto-launch"},"activationEvent":"*"}
[2021-03-26 13:31:48.172] [exthost] [info] ExtensionService#loadCommonJSModule file:///usr/lib/code/extensions/debug-auto-launch/dist/extension
[2021-03-26 13:31:48.174] [exthost] [info] ExtensionService#_doActivateExtension vscode.git {"startup":true,"extensionId":{"value":"vscode.github","_lower":"vscode.github"},"activationEvent":"*"}
[2021-03-26 13:31:48.174] [exthost] [info] ExtensionService#loadCommonJSModule file:///usr/lib/code/extensions/git/dist/main
[2021-03-26 13:31:48.186] [exthost] [info] ExtensionService#_doActivateExtension vscodevim.vim {"startup":true,"extensionId":{"value":"vscodevim.vim","_lower":"vscodevim.vim"},"activationEvent":"*"}
[2021-03-26 13:31:48.186] [exthost] [info] ExtensionService#loadCommonJSModule file:///home/luke/.vscode-oss/extensions/vscodevim.vim-1.19.0/out/extension
[2021-03-26 13:31:48.325] [exthost] [info] ExtensionService#_doActivateExtension vscode.github {"startup":true,"extensionId":{"value":"vscode.github","_lower":"vscode.github"},"activationEvent":"*"}
[2021-03-26 13:31:48.326] [exthost] [info] ExtensionService#loadCommonJSModule file:///usr/lib/code/extensions/github/dist/extension.js
[2021-03-26 13:31:48.360] [exthost] [info] ExtensionService#_doActivateExtension ms-vscode.js-debug {"startup":false,"extensionId":{"value":"ms-vscode.js-debug","_lower":"ms-vscode.js-debug"},"activationEvent":"onCommand:extension.js-debug.clearAutoAttachVariables"}
[2021-03-26 13:31:48.360] [exthost] [info] ExtensionService#loadCommonJSModule file:///usr/lib/code/extensions/ms-vscode.js-debug/src/extension.js
[2021-03-26 13:31:48.472] [exthost] [info] eager extensions activated
[2021-03-26 13:31:48.526] [exthost] [info] ExtensionService#_doActivateExtension vscode.emmet {"startup":false,"extensionId":{"value":"vscode.emmet","_lower":"vscode.emmet"},"activationEvent":"onStartupFinished"}
[2021-03-26 13:31:48.526] [exthost] [info] ExtensionService#loadCommonJSModule file:///usr/lib/code/extensions/emmet/dist/node/emmetNodeMain
[2021-03-26 13:31:48.536] [exthost] [info] ExtensionService#_doActivateExtension vscode.merge-conflict {"startup":false,"extensionId":{"value":"vscode.merge-conflict","_lower":"vscode.merge-conflict"},"activationEvent":"onStartupFinished"}
[2021-03-26 13:31:48.536] [exthost] [info] ExtensionService#loadCommonJSModule file:///usr/lib/code/extensions/merge-conflict/dist/mergeConflictMain
[2021-03-26 13:31:48.538] [exthost] [info] ExtensionService#_doActivateExtension vscode.testing-editor-contributions {"startup":false,"extensionId":{"value":"vscode.testing-editor-contributions","_lower":"vscode.testing-editor-contributions"},"activationEvent":"onStartupFinished"}
[2021-03-26 13:31:48.538] [exthost] [info] ExtensionService#loadCommonJSModule file:///usr/lib/code/extensions/testing-editor-contributions/dist/extension.js
[2021-03-26 13:31:54.723] [exthost] [info] ExtensionService#_doActivateExtension llvm-vs-code-extensions.vscode-clangd {"startup":false,"extensionId":{"value":"llvm-vs-code-extensions.vscode-clangd","_lower":"llvm-vs-code-extensions.vscode-clangd"},"activationEvent":"onLanguage:c"}
[2021-03-26 13:31:54.723] [exthost] [info] ExtensionService#loadCommonJSModule file:///home/luke/.vscode-oss/extensions/llvm-vs-code-extensions.vscode-clangd-0.1.11/out/src/extension
[2021-03-26 13:34:16.366] [exthost] [error] [llvm-vs-code-extensions.vscode-clangd] provider FAILED
[2021-03-26 13:34:16.366] [exthost] [error] {"_isCancelled":true,"_emitter":null}
[2021-03-26 13:39:14.889] [exthost] [error] [llvm-vs-code-extensions.vscode-clangd] provider FAILED
[2021-03-26 13:39:14.889] [exthost] [error] {"_isCancelled":true,"_emitter":null}
[2021-03-26 13:39:19.465] [exthost] [error] [llvm-vs-code-extensions.vscode-clangd] provider FAILED
[2021-03-26 13:39:19.465] [exthost] [error] {"_isCancelled":true,"_emitter":null}
[2021-03-26 13:41:16.511] [exthost] [error] [llvm-vs-code-extensions.vscode-clangd] provider FAILED
[2021-03-26 13:41:16.511] [exthost] [error] {"_isCancelled":true,"_emitter":null}
[2021-03-26 13:42:11.740] [exthost] [error] [llvm-vs-code-extensions.vscode-clangd] provider FAILED
[2021-03-26 13:42:11.740] [exthost] [error] {"_isCancelled":true,"_emitter":null}
[2021-03-26 13:42:49.346] [exthost] [error] [llvm-vs-code-extensions.vscode-clangd] provider FAILED
[2021-03-26 13:42:49.346] [exthost] [error] {"_isCancelled":true,"_emitter":null}
[2021-03-26 13:43:00.180] [exthost] [info] ExtensionService#_doActivateExtension vscode.extension-editing {"startup":false,"extensionId":{"value":"vscode.extension-editing","_lower":"vscode.extension-editing"},"activationEvent":"onLanguage:markdown"}
[2021-03-26 13:43:00.181] [exthost] [info] ExtensionService#loadCommonJSModule file:///usr/lib/code/extensions/extension-editing/dist/extensionEditingMain
[2021-03-26 13:43:00.208] [exthost] [info] ExtensionService#_doActivateExtension vscode.markdown-language-features {"startup":false,"extensionId":{"value":"vscode.markdown-language-features","_lower":"vscode.markdown-language-features"},"activationEvent":"onLanguage:markdown"}
[2021-03-26 13:43:00.208] [exthost] [info] ExtensionService#loadCommonJSModule file:///usr/lib/code/extensions/markdown-language-features/dist/extension
[2021-03-26 13:44:38.633] [exthost] [error] [llvm-vs-code-extensions.vscode-clangd] provider FAILED
[2021-03-26 13:44:38.633] [exthost] [error] {"_isCancelled":true,"_emitter":null}
[2021-03-26 13:48:26.295] [exthost] [error] [llvm-vs-code-extensions.vscode-clangd] provider FAILED
[2021-03-26 13:48:26.295] [exthost] [error] {"_isCancelled":true,"_emitter":null}
[2021-03-26 13:53:28.486] [exthost] [error] [llvm-vs-code-extensions.vscode-clangd] provider FAILED
[2021-03-26 13:53:28.486] [exthost] [error] {"_isCancelled":true,"_emitter":null}
[2021-03-26 14:22:26.152] [exthost] [info] extension host terminating: received terminate message from renderer
[2021-03-26 14:22:27.165] [exthost] [info] exiting with code 0
