Looking for git in: git
Using git 2.31.0 from git
> git rev-parse --git-dir
Open repository: /home/luke/Projects/Assignment_3_Updated/A3
> git status -z -u
> git symbolic-ref --short HEAD
> git for-each-ref --format=%(refname)%00%(upstream:short)%00%(upstream:track)%00%(objectname) refs/heads/master refs/remotes/master
> git for-each-ref --sort -committerdate --format %(refname) %(objectname) %(*objectname)
> git remote --verbose
> git config --get commit.template
> git check-ignore -v -z --stdin
> git check-ignore -v -z --stdin
> git show --textconv :Q1/container.c
> git ls-files --stage -- /home/luke/Projects/Assignment_3_Updated/A3/Q1/container.c
> git cat-file -s 893177d3681e0841d731e5f4e10dc569d7f88678
> git status -z -u
> git symbolic-ref --short HEAD
> git for-each-ref --format=%(refname)%00%(upstream:short)%00%(upstream:track)%00%(objectname) refs/heads/master refs/remotes/master
> git for-each-ref --sort -committerdate --format %(refname) %(objectname) %(*objectname)
> git remote --verbose
> git config --get commit.template
> git status -z -u
> git symbolic-ref --short HEAD
> git for-each-ref --format=%(refname)%00%(upstream:short)%00%(upstream:track)%00%(objectname) refs/heads/master refs/remotes/master
> git for-each-ref --sort -committerdate --format %(refname) %(objectname) %(*objectname)
> git remote --verbose
> git config --get commit.template
> git ls-files --stage -- /home/luke/Projects/Assignment_3_Updated/A3/Q1/container.c
> git cat-file -s 893177d3681e0841d731e5f4e10dc569d7f88678
> git status -z -u
> git symbolic-ref --short HEAD
> git for-each-ref --format=%(refname)%00%(upstream:short)%00%(upstream:track)%00%(objectname) refs/heads/master refs/remotes/master
> git for-each-ref --sort -committerdate --format %(refname) %(objectname) %(*objectname)
> git remote --verbose
> git config --get commit.template
> git status -z -u
> git symbolic-ref --short HEAD
> git for-each-ref --format=%(refname)%00%(upstream:short)%00%(upstream:track)%00%(objectname) refs/heads/master refs/remotes/master
> git for-each-ref --sort -committerdate --format %(refname) %(objectname) %(*objectname)
> git remote --verbose
> git config --get commit.template
> git status -z -u
> git symbolic-ref --short HEAD
> git for-each-ref --format=%(refname)%00%(upstream:short)%00%(upstream:track)%00%(objectname) refs/heads/master refs/remotes/master
> git for-each-ref --sort -committerdate --format %(refname) %(objectname) %(*objectname)
> git remote --verbose
> git config --get commit.template
> git status -z -u
> git symbolic-ref --short HEAD
> git for-each-ref --format=%(refname)%00%(upstream:short)%00%(upstream:track)%00%(objectname) refs/heads/master refs/remotes/master
> git for-each-ref --sort -committerdate --format %(refname) %(objectname) %(*objectname)
> git remote --verbose
> git config --get commit.template
> git status -z -u
> git symbolic-ref --short HEAD
> git for-each-ref --format=%(refname)%00%(upstream:short)%00%(upstream:track)%00%(objectname) refs/heads/master refs/remotes/master
> git for-each-ref --sort -committerdate --format %(refname) %(objectname) %(*objectname)
> git remote --verbose
> git config --get commit.template
> git status -z -u
> git symbolic-ref --short HEAD
> git for-each-ref --format=%(refname)%00%(upstream:short)%00%(upstream:track)%00%(objectname) refs/heads/master refs/remotes/master
> git for-each-ref --sort -committerdate --format %(refname) %(objectname) %(*objectname)
> git remote --verbose
> git config --get commit.template
> git status -z -u
> git symbolic-ref --short HEAD
> git for-each-ref --format=%(refname)%00%(upstream:short)%00%(upstream:track)%00%(objectname) refs/heads/master refs/remotes/master
> git for-each-ref --sort -committerdate --format %(refname) %(objectname) %(*objectname)
> git remote --verbose
> git config --get commit.template
> git status -z -u
> git symbolic-ref --short HEAD
> git for-each-ref --format=%(refname)%00%(upstream:short)%00%(upstream:track)%00%(objectname) refs/heads/master refs/remotes/master
> git for-each-ref --sort -committerdate --format %(refname) %(objectname) %(*objectname)
> git remote --verbose
> git config --get commit.template
> git status -z -u
> git symbolic-ref --short HEAD
> git for-each-ref --format=%(refname)%00%(upstream:short)%00%(upstream:track)%00%(objectname) refs/heads/master refs/remotes/master
> git for-each-ref --sort -committerdate --format %(refname) %(objectname) %(*objectname)
> git remote --verbose
> git config --get commit.template
> git status -z -u
> git symbolic-ref --short HEAD
> git for-each-ref --format=%(refname)%00%(upstream:short)%00%(upstream:track)%00%(objectname) refs/heads/master refs/remotes/master
> git for-each-ref --sort -committerdate --format %(refname) %(objectname) %(*objectname)
> git remote --verbose
> git config --get commit.template
> git status -z -u
> git symbolic-ref --short HEAD
> git for-each-ref --format=%(refname)%00%(upstream:short)%00%(upstream:track)%00%(objectname) refs/heads/master refs/remotes/master
> git for-each-ref --sort -committerdate --format %(refname) %(objectname) %(*objectname)
> git remote --verbose
> git config --get commit.template
> git status -z -u
> git symbolic-ref --short HEAD
> git for-each-ref --format=%(refname)%00%(upstream:short)%00%(upstream:track)%00%(objectname) refs/heads/master refs/remotes/master
> git for-each-ref --sort -committerdate --format %(refname) %(objectname) %(*objectname)
> git remote --verbose
> git config --get commit.template
> git status -z -u
> git symbolic-ref --short HEAD
> git for-each-ref --format=%(refname)%00%(upstream:short)%00%(upstream:track)%00%(objectname) refs/heads/master refs/remotes/master
> git for-each-ref --sort -committerdate --format %(refname) %(objectname) %(*objectname)
> git remote --verbose
> git config --get commit.template
> git status -z -u
> git symbolic-ref --short HEAD
> git for-each-ref --format=%(refname)%00%(upstream:short)%00%(upstream:track)%00%(objectname) refs/heads/master refs/remotes/master
> git for-each-ref --sort -committerdate --format %(refname) %(objectname) %(*objectname)
> git remote --verbose
> git config --get commit.template
> git status -z -u
> git symbolic-ref --short HEAD
> git for-each-ref --format=%(refname)%00%(upstream:short)%00%(upstream:track)%00%(objectname) refs/heads/master refs/remotes/master
> git for-each-ref --sort -committerdate --format %(refname) %(objectname) %(*objectname)
> git remote --verbose
> git config --get commit.template
> git status -z -u
> git symbolic-ref --short HEAD
> git for-each-ref --format=%(refname)%00%(upstream:short)%00%(upstream:track)%00%(objectname) refs/heads/master refs/remotes/master
> git for-each-ref --sort -committerdate --format %(refname) %(objectname) %(*objectname)
> git remote --verbose
> git config --get commit.template
> git status -z -u
> git symbolic-ref --short HEAD
> git for-each-ref --format=%(refname)%00%(upstream:short)%00%(upstream:track)%00%(objectname) refs/heads/master refs/remotes/master
> git for-each-ref --sort -committerdate --format %(refname) %(objectname) %(*objectname)
> git remote --verbose
> git config --get commit.template
> git status -z -u
> git symbolic-ref --short HEAD
> git for-each-ref --format=%(refname)%00%(upstream:short)%00%(upstream:track)%00%(objectname) refs/heads/master refs/remotes/master
> git for-each-ref --sort -committerdate --format %(refname) %(objectname) %(*objectname)
> git remote --verbose
> git config --get commit.template
> git status -z -u
> git symbolic-ref --short HEAD
> git for-each-ref --format=%(refname)%00%(upstream:short)%00%(upstream:track)%00%(objectname) refs/heads/master refs/remotes/master
> git for-each-ref --sort -committerdate --format %(refname) %(objectname) %(*objectname)
> git remote --verbose
> git config --get commit.template
> git status -z -u
> git symbolic-ref --short HEAD
> git for-each-ref --format=%(refname)%00%(upstream:short)%00%(upstream:track)%00%(objectname) refs/heads/master refs/remotes/master
> git for-each-ref --sort -committerdate --format %(refname) %(objectname) %(*objectname)
> git remote --verbose
> git config --get commit.template
> git status -z -u
> git symbolic-ref --short HEAD
> git for-each-ref --format=%(refname)%00%(upstream:short)%00%(upstream:track)%00%(objectname) refs/heads/master refs/remotes/master
> git for-each-ref --sort -committerdate --format %(refname) %(objectname) %(*objectname)
> git remote --verbose
> git config --get commit.template
> git status -z -u
> git symbolic-ref --short HEAD
> git for-each-ref --format=%(refname)%00%(upstream:short)%00%(upstream:track)%00%(objectname) refs/heads/master refs/remotes/master
> git for-each-ref --sort -committerdate --format %(refname) %(objectname) %(*objectname)
> git remote --verbose
> git config --get commit.template
> git status -z -u
> git symbolic-ref --short HEAD
> git for-each-ref --format=%(refname)%00%(upstream:short)%00%(upstream:track)%00%(objectname) refs/heads/master refs/remotes/master
> git for-each-ref --sort -committerdate --format %(refname) %(objectname) %(*objectname)
> git remote --verbose
> git config --get commit.template
> git ls-files --stage -- /home/luke/Projects/Assignment_3_Updated/A3/Q1/container.c
> git cat-file -s 893177d3681e0841d731e5f4e10dc569d7f88678
> git show --textconv :Q1/main.c
> git ls-files --stage -- /home/luke/Projects/Assignment_3_Updated/A3/Q1/main.c
> git cat-file -s 3bc7f90a9c777b2625e3e072c604629892c18474
> git status -z -u
> git symbolic-ref --short HEAD
> git for-each-ref --format=%(refname)%00%(upstream:short)%00%(upstream:track)%00%(objectname) refs/heads/master refs/remotes/master
> git for-each-ref --sort -committerdate --format %(refname) %(objectname) %(*objectname)
> git remote --verbose
> git config --get commit.template
> git status -z -u
> git symbolic-ref --short HEAD
> git for-each-ref --format=%(refname)%00%(upstream:short)%00%(upstream:track)%00%(objectname) refs/heads/master refs/remotes/master
> git for-each-ref --sort -committerdate --format %(refname) %(objectname) %(*objectname)
> git remote --verbose
> git config --get commit.template
> git status -z -u
> git symbolic-ref --short HEAD
> git for-each-ref --format=%(refname)%00%(upstream:short)%00%(upstream:track)%00%(objectname) refs/heads/master refs/remotes/master
> git for-each-ref --sort -committerdate --format %(refname) %(objectname) %(*objectname)
> git remote --verbose
> git config --get commit.template
> git status -z -u
> git symbolic-ref --short HEAD
> git for-each-ref --format=%(refname)%00%(upstream:short)%00%(upstream:track)%00%(objectname) refs/heads/master refs/remotes/master
> git for-each-ref --sort -committerdate --format %(refname) %(objectname) %(*objectname)
> git remote --verbose
> git config --get commit.template
> git status -z -u
> git symbolic-ref --short HEAD
> git for-each-ref --format=%(refname)%00%(upstream:short)%00%(upstream:track)%00%(objectname) refs/heads/master refs/remotes/master
> git for-each-ref --sort -committerdate --format %(refname) %(objectname) %(*objectname)
> git remote --verbose
> git config --get commit.template
> git status -z -u
> git symbolic-ref --short HEAD
> git for-each-ref --format=%(refname)%00%(upstream:short)%00%(upstream:track)%00%(objectname) refs/heads/master refs/remotes/master
> git for-each-ref --sort -committerdate --format %(refname) %(objectname) %(*objectname)
> git remote --verbose
> git config --get commit.template
> git status -z -u
> git symbolic-ref --short HEAD
> git for-each-ref --format=%(refname)%00%(upstream:short)%00%(upstream:track)%00%(objectname) refs/heads/master refs/remotes/master
> git for-each-ref --sort -committerdate --format %(refname) %(objectname) %(*objectname)
> git remote --verbose
> git config --get commit.template
> git status -z -u
> git symbolic-ref --short HEAD
> git for-each-ref --format=%(refname)%00%(upstream:short)%00%(upstream:track)%00%(objectname) refs/heads/master refs/remotes/master
> git for-each-ref --sort -committerdate --format %(refname) %(objectname) %(*objectname)
> git remote --verbose
> git config --get commit.template
> git status -z -u
> git symbolic-ref --short HEAD
> git for-each-ref --format=%(refname)%00%(upstream:short)%00%(upstream:track)%00%(objectname) refs/heads/master refs/remotes/master
> git for-each-ref --sort -committerdate --format %(refname) %(objectname) %(*objectname)
> git remote --verbose
> git config --get commit.template
> git status -z -u
> git symbolic-ref --short HEAD
> git for-each-ref --format=%(refname)%00%(upstream:short)%00%(upstream:track)%00%(objectname) refs/heads/master refs/remotes/master
> git for-each-ref --sort -committerdate --format %(refname) %(objectname) %(*objectname)
> git remote --verbose
> git config --get commit.template
> git status -z -u
> git symbolic-ref --short HEAD
> git for-each-ref --format=%(refname)%00%(upstream:short)%00%(upstream:track)%00%(objectname) refs/heads/master refs/remotes/master
> git for-each-ref --sort -committerdate --format %(refname) %(objectname) %(*objectname)
> git remote --verbose
> git config --get commit.template
> git status -z -u
> git symbolic-ref --short HEAD
> git for-each-ref --format=%(refname)%00%(upstream:short)%00%(upstream:track)%00%(objectname) refs/heads/master refs/remotes/master
> git for-each-ref --sort -committerdate --format %(refname) %(objectname) %(*objectname)
> git remote --verbose
> git config --get commit.template
> git status -z -u
> git symbolic-ref --short HEAD
> git for-each-ref --format=%(refname)%00%(upstream:short)%00%(upstream:track)%00%(objectname) refs/heads/master refs/remotes/master
> git for-each-ref --sort -committerdate --format %(refname) %(objectname) %(*objectname)
> git remote --verbose
> git config --get commit.template
> git status -z -u
> git symbolic-ref --short HEAD
> git for-each-ref --format=%(refname)%00%(upstream:short)%00%(upstream:track)%00%(objectname) refs/heads/master refs/remotes/master
> git for-each-ref --sort -committerdate --format %(refname) %(objectname) %(*objectname)
> git remote --verbose
> git config --get commit.template
> git status -z -u
> git symbolic-ref --short HEAD
> git for-each-ref --format=%(refname)%00%(upstream:short)%00%(upstream:track)%00%(objectname) refs/heads/master refs/remotes/master
> git for-each-ref --sort -committerdate --format %(refname) %(objectname) %(*objectname)
> git remote --verbose
> git config --get commit.template
> git status -z -u
> git symbolic-ref --short HEAD
> git for-each-ref --format=%(refname)%00%(upstream:short)%00%(upstream:track)%00%(objectname) refs/heads/master refs/remotes/master
> git for-each-ref --sort -committerdate --format %(refname) %(objectname) %(*objectname)
> git remote --verbose
> git config --get commit.template
> git status -z -u
> git symbolic-ref --short HEAD
> git for-each-ref --format=%(refname)%00%(upstream:short)%00%(upstream:track)%00%(objectname) refs/heads/master refs/remotes/master
> git for-each-ref --sort -committerdate --format %(refname) %(objectname) %(*objectname)
> git remote --verbose
> git config --get commit.template
> git status -z -u
> git symbolic-ref --short HEAD
> git for-each-ref --format=%(refname)%00%(upstream:short)%00%(upstream:track)%00%(objectname) refs/heads/master refs/remotes/master
> git for-each-ref --sort -committerdate --format %(refname) %(objectname) %(*objectname)
> git remote --verbose
> git config --get commit.template
> git status -z -u
> git symbolic-ref --short HEAD
> git for-each-ref --format=%(refname)%00%(upstream:short)%00%(upstream:track)%00%(objectname) refs/heads/master refs/remotes/master
> git for-each-ref --sort -committerdate --format %(refname) %(objectname) %(*objectname)
> git remote --verbose
> git config --get commit.template
> git status -z -u
> git symbolic-ref --short HEAD
> git for-each-ref --format=%(refname)%00%(upstream:short)%00%(upstream:track)%00%(objectname) refs/heads/master refs/remotes/master
> git for-each-ref --sort -committerdate --format %(refname) %(objectname) %(*objectname)
> git remote --verbose
> git config --get commit.template
> git show --textconv :Q1/container.c
> git ls-files --stage -- /home/luke/Projects/Assignment_3_Updated/A3/Q1/container.c
> git cat-file -s 893177d3681e0841d731e5f4e10dc569d7f88678
> git status -z -u
> git symbolic-ref --short HEAD
> git for-each-ref --format=%(refname)%00%(upstream:short)%00%(upstream:track)%00%(objectname) refs/heads/master refs/remotes/master
> git for-each-ref --sort -committerdate --format %(refname) %(objectname) %(*objectname)
> git remote --verbose
> git config --get commit.template
> git status -z -u
> git symbolic-ref --short HEAD
> git for-each-ref --format=%(refname)%00%(upstream:short)%00%(upstream:track)%00%(objectname) refs/heads/master refs/remotes/master
> git for-each-ref --sort -committerdate --format %(refname) %(objectname) %(*objectname)
> git remote --verbose
> git config --get commit.template
> git status -z -u
> git symbolic-ref --short HEAD
> git for-each-ref --format=%(refname)%00%(upstream:short)%00%(upstream:track)%00%(objectname) refs/heads/master refs/remotes/master
> git for-each-ref --sort -committerdate --format %(refname) %(objectname) %(*objectname)
> git remote --verbose
> git config --get commit.template
> git status -z -u
> git symbolic-ref --short HEAD
> git for-each-ref --format=%(refname)%00%(upstream:short)%00%(upstream:track)%00%(objectname) refs/heads/master refs/remotes/master
> git for-each-ref --sort -committerdate --format %(refname) %(objectname) %(*objectname)
> git remote --verbose
> git config --get commit.template
> git show --textconv :Q1/main.c
> git ls-files --stage -- /home/luke/Projects/Assignment_3_Updated/A3/Q1/main.c
> git cat-file -s 3bc7f90a9c777b2625e3e072c604629892c18474
> git show --textconv :Q1/container.c
> git ls-files --stage -- /home/luke/Projects/Assignment_3_Updated/A3/Q1/container.c
> git cat-file -s 893177d3681e0841d731e5f4e10dc569d7f88678
> git status -z -u
> git symbolic-ref --short HEAD
> git for-each-ref --format=%(refname)%00%(upstream:short)%00%(upstream:track)%00%(objectname) refs/heads/master refs/remotes/master
> git for-each-ref --sort -committerdate --format %(refname) %(objectname) %(*objectname)
> git remote --verbose
> git config --get commit.template
> git check-ignore -v -z --stdin
> git show --textconv :Q2/README.md
> git ls-files --stage -- /home/luke/Projects/Assignment_3_Updated/A3/Q2/README.md
> git cat-file -s 6e7c913bd943a12db56a6fb89f64efbe8e88270c
> git show --textconv :Q2/Makefile
> git ls-files --stage -- /home/luke/Projects/Assignment_3_Updated/A3/Q2/Makefile
> git cat-file -s afb582d799c117b53bb44e6b402c380ef37d2a55
> git show --textconv :Q2/set.h
> git ls-files --stage -- /home/luke/Projects/Assignment_3_Updated/A3/Q2/set.h
> git cat-file -s 0a6bb2692e1e3f2bb1fc7013fbd3f44f7a7a592d
> git show --textconv :Q2/Makefile
> git ls-files --stage -- /home/luke/Projects/Assignment_3_Updated/A3/Q2/Makefile
> git cat-file -s afb582d799c117b53bb44e6b402c380ef37d2a55
> git show --textconv :Q2/README.md
> git ls-files --stage -- /home/luke/Projects/Assignment_3_Updated/A3/Q2/README.md
> git cat-file -s 6e7c913bd943a12db56a6fb89f64efbe8e88270c
> git show --textconv :Q1/container.c
> git ls-files --stage -- /home/luke/Projects/Assignment_3_Updated/A3/Q1/container.c
> git cat-file -s 893177d3681e0841d731e5f4e10dc569d7f88678
> git show --textconv :Q2/README.md
> git ls-files --stage -- /home/luke/Projects/Assignment_3_Updated/A3/Q2/README.md
> git cat-file -s 6e7c913bd943a12db56a6fb89f64efbe8e88270c
> git show --textconv :Q2/README.md
> git ls-files --stage -- /home/luke/Projects/Assignment_3_Updated/A3/Q2/README.md
> git cat-file -s 6e7c913bd943a12db56a6fb89f64efbe8e88270c
> git show --textconv :Q1/container.c
> git ls-files --stage -- /home/luke/Projects/Assignment_3_Updated/A3/Q1/container.c
> git cat-file -s 893177d3681e0841d731e5f4e10dc569d7f88678
> git show --textconv :Q1/container.c
> git ls-files --stage -- /home/luke/Projects/Assignment_3_Updated/A3/Q1/container.c
> git cat-file -s 893177d3681e0841d731e5f4e10dc569d7f88678
> git show --textconv :Q2/README.md
> git ls-files --stage -- /home/luke/Projects/Assignment_3_Updated/A3/Q2/README.md
> git cat-file -s 6e7c913bd943a12db56a6fb89f64efbe8e88270c
> git show --textconv :Q2/README.md
> git ls-files --stage -- /home/luke/Projects/Assignment_3_Updated/A3/Q2/README.md
> git cat-file -s 6e7c913bd943a12db56a6fb89f64efbe8e88270c
> git log --format=%H%n%aN%n%aE%n%at%n%ct%n%P%n%B -z -n21 -- /home/luke/Projects/Assignment_3_Updated/A3/Q1/main.o
> git show --textconv :Q1/container.h
> git ls-files --stage -- /home/luke/Projects/Assignment_3_Updated/A3/Q1/container.h
> git cat-file -s 9a26ac4e5bf71fdfece4a8ececb54340aaa5e757
> git show --textconv :Q2/Makefile
> git ls-files --stage -- /home/luke/Projects/Assignment_3_Updated/A3/Q2/Makefile
> git cat-file -s afb582d799c117b53bb44e6b402c380ef37d2a55
> git show --textconv :Q2/README.md
> git ls-files --stage -- /home/luke/Projects/Assignment_3_Updated/A3/Q2/README.md
> git cat-file -s 6e7c913bd943a12db56a6fb89f64efbe8e88270c
> git show --textconv :Q2/Makefile
> git ls-files --stage -- /home/luke/Projects/Assignment_3_Updated/A3/Q2/Makefile
> git cat-file -s afb582d799c117b53bb44e6b402c380ef37d2a55
> git show --textconv :Q2/README.md
> git ls-files --stage -- /home/luke/Projects/Assignment_3_Updated/A3/Q2/README.md
> git cat-file -s 6e7c913bd943a12db56a6fb89f64efbe8e88270c
> git show --textconv :Q1/main.c
> git ls-files --stage -- /home/luke/Projects/Assignment_3_Updated/A3/Q1/main.c
> git cat-file -s 3bc7f90a9c777b2625e3e072c604629892c18474
> git show --textconv :Q2/README.md
> git ls-files --stage -- /home/luke/Projects/Assignment_3_Updated/A3/Q2/README.md
> git cat-file -s 6e7c913bd943a12db56a6fb89f64efbe8e88270c
> git show --textconv :Q1/main.c
> git ls-files --stage -- /home/luke/Projects/Assignment_3_Updated/A3/Q1/main.c
> git cat-file -s 3bc7f90a9c777b2625e3e072c604629892c18474
> git status -z -u
> git symbolic-ref --short HEAD
> git for-each-ref --format=%(refname)%00%(upstream:short)%00%(upstream:track)%00%(objectname) refs/heads/master refs/remotes/master
> git for-each-ref --sort -committerdate --format %(refname) %(objectname) %(*objectname)
> git remote --verbose
> git config --get commit.template
> git ls-files --stage -- /home/luke/Projects/Assignment_3_Updated/A3/Q1/main.c
> git cat-file -s 3bc7f90a9c777b2625e3e072c604629892c18474
> git show --textconv :Q1/main.c
> git show --textconv :Q2/README.md
> git ls-files --stage -- /home/luke/Projects/Assignment_3_Updated/A3/Q2/README.md
> git cat-file -s 6e7c913bd943a12db56a6fb89f64efbe8e88270c
> git status -z -u
> git symbolic-ref --short HEAD
> git for-each-ref --format=%(refname)%00%(upstream:short)%00%(upstream:track)%00%(objectname) refs/heads/master refs/remotes/master
> git for-each-ref --sort -committerdate --format %(refname) %(objectname) %(*objectname)
> git remote --verbose
> git config --get commit.template
> git show --textconv :Q2/README.md
> git ls-files --stage -- /home/luke/Projects/Assignment_3_Updated/A3/Q2/README.md
> git cat-file -s 6e7c913bd943a12db56a6fb89f64efbe8e88270c
> git show --textconv :Q1/main.c
> git ls-files --stage -- /home/luke/Projects/Assignment_3_Updated/A3/Q1/main.c
> git cat-file -s 3bc7f90a9c777b2625e3e072c604629892c18474
> git show --textconv :Q2/README.md
> git ls-files --stage -- /home/luke/Projects/Assignment_3_Updated/A3/Q2/README.md
> git cat-file -s 6e7c913bd943a12db56a6fb89f64efbe8e88270c
> git log --format=%H%n%aN%n%aE%n%at%n%ct%n%P%n%B -z -n21 -- /home/luke/Projects/Assignment_3_Updated/A3/Q2/Makefile
> git show --textconv 4168e102168f50544467ff89d81c188cd479fa40:Q2/Makefile
> git show --textconv 5e209bd24eee9cf153cc25cacfb1ef119beffa62:Q2/Makefile
> git ls-tree -l 4168e102168f50544467ff89d81c188cd479fa40 -- /home/luke/Projects/Assignment_3_Updated/A3/Q2/Makefile
> git ls-tree -l 5e209bd24eee9cf153cc25cacfb1ef119beffa62 -- /home/luke/Projects/Assignment_3_Updated/A3/Q2/Makefile
> git check-ignore -v -z --stdin
> git ls-tree -l 4168e102168f50544467ff89d81c188cd479fa40 -- /home/luke/Projects/Assignment_3_Updated/A3/Q2/Makefile
> git show --textconv 89728da33a382b72611f15a55707cd735bd5e4e0:Q2/Makefile
> git ls-tree -l 89728da33a382b72611f15a55707cd735bd5e4e0 -- /home/luke/Projects/Assignment_3_Updated/A3/Q2/Makefile
> git check-ignore -v -z --stdin
> git ls-tree -l 89728da33a382b72611f15a55707cd735bd5e4e0 -- /home/luke/Projects/Assignment_3_Updated/A3/Q2/Makefile
> git show --textconv e05b514cfc8b9aa58b0e2fc284f6a01da8255eb3:Q2/Makefile
> git ls-tree -l e05b514cfc8b9aa58b0e2fc284f6a01da8255eb3 -- /home/luke/Projects/Assignment_3_Updated/A3/Q2/Makefile
> git check-ignore -v -z --stdin
> git log --format=%H%n%aN%n%aE%n%at%n%ct%n%P%n%B -z -n21 -- /home/luke/Projects/Assignment_3_Updated/A3/Q2/Makefile
> git show --textconv :Q2/Makefile
> git ls-files --stage -- /home/luke/Projects/Assignment_3_Updated/A3/Q2/Makefile
> git cat-file -s afb582d799c117b53bb44e6b402c380ef37d2a55
> git show --textconv :Q2/README.md
> git ls-files --stage -- /home/luke/Projects/Assignment_3_Updated/A3/Q2/README.md
> git cat-file -s 6e7c913bd943a12db56a6fb89f64efbe8e88270c
> git log --format=%H%n%aN%n%aE%n%at%n%ct%n%P%n%B -z -n21 -- /home/luke/Projects/Assignment_3_Updated/A3/Q2/README.md
> git show --textconv 5e209bd24eee9cf153cc25cacfb1ef119beffa62^:Q2/README.md
> git show --textconv 5e209bd24eee9cf153cc25cacfb1ef119beffa62:Q2/README.md
> git ls-tree -l 5e209bd24eee9cf153cc25cacfb1ef119beffa62^ -- /home/luke/Projects/Assignment_3_Updated/A3/Q2/README.md
> git ls-tree -l 5e209bd24eee9cf153cc25cacfb1ef119beffa62 -- /home/luke/Projects/Assignment_3_Updated/A3/Q2/README.md
> git check-ignore -v -z --stdin
> git show --textconv :Q1/main.c
> git ls-files --stage -- /home/luke/Projects/Assignment_3_Updated/A3/Q1/main.c
> git cat-file -s 3bc7f90a9c777b2625e3e072c604629892c18474
> git show --textconv :Q2/README.md
> git ls-files --stage -- /home/luke/Projects/Assignment_3_Updated/A3/Q2/README.md
> git cat-file -s 6e7c913bd943a12db56a6fb89f64efbe8e88270c
> git status -z -u
> git symbolic-ref --short HEAD
> git for-each-ref --format=%(refname)%00%(upstream:short)%00%(upstream:track)%00%(objectname) refs/heads/master refs/remotes/master
> git for-each-ref --sort -committerdate --format %(refname) %(objectname) %(*objectname)
> git remote --verbose
> git config --get commit.template
> git rev-list --count 5e209bd24eee9cf153cc25cacfb1ef119beffa62.. -- /home/luke/Projects/Assignment_3_Updated/A3/Q2/README.md
> git log --format=%H%n%aN%n%aE%n%at%n%ct%n%P%n%B -z -n2 -- /home/luke/Projects/Assignment_3_Updated/A3/Q2/README.md
> git status -z -u
> git symbolic-ref --short HEAD
> git for-each-ref --format=%(refname)%00%(upstream:short)%00%(upstream:track)%00%(objectname) refs/heads/master refs/remotes/master
> git for-each-ref --sort -committerdate --format %(refname) %(objectname) %(*objectname)
> git remote --verbose
> git config --get commit.template
> git rev-list --count 5e209bd24eee9cf153cc25cacfb1ef119beffa62.. -- /home/luke/Projects/Assignment_3_Updated/A3/Q2/README.md
> git log --format=%H%n%aN%n%aE%n%at%n%ct%n%P%n%B -z -n2 -- /home/luke/Projects/Assignment_3_Updated/A3/Q2/README.md
> git status -z -u
> git symbolic-ref --short HEAD
> git for-each-ref --format=%(refname)%00%(upstream:short)%00%(upstream:track)%00%(objectname) refs/heads/master refs/remotes/master
> git for-each-ref --sort -committerdate --format %(refname) %(objectname) %(*objectname)
> git remote --verbose
> git config --get commit.template
> git rev-list --count 5e209bd24eee9cf153cc25cacfb1ef119beffa62.. -- /home/luke/Projects/Assignment_3_Updated/A3/Q2/README.md
> git log --format=%H%n%aN%n%aE%n%at%n%ct%n%P%n%B -z -n2 -- /home/luke/Projects/Assignment_3_Updated/A3/Q2/README.md
> git status -z -u
> git symbolic-ref --short HEAD
> git for-each-ref --format=%(refname)%00%(upstream:short)%00%(upstream:track)%00%(objectname) refs/heads/master refs/remotes/master
> git for-each-ref --sort -committerdate --format %(refname) %(objectname) %(*objectname)
> git remote --verbose
> git config --get commit.template
> git rev-list --count 5e209bd24eee9cf153cc25cacfb1ef119beffa62.. -- /home/luke/Projects/Assignment_3_Updated/A3/Q2/README.md
> git log --format=%H%n%aN%n%aE%n%at%n%ct%n%P%n%B -z -n2 -- /home/luke/Projects/Assignment_3_Updated/A3/Q2/README.md
> git status -z -u
> git symbolic-ref --short HEAD
> git for-each-ref --format=%(refname)%00%(upstream:short)%00%(upstream:track)%00%(objectname) refs/heads/master refs/remotes/master
> git for-each-ref --sort -committerdate --format %(refname) %(objectname) %(*objectname)
> git remote --verbose
> git config --get commit.template
> git rev-list --count 5e209bd24eee9cf153cc25cacfb1ef119beffa62.. -- /home/luke/Projects/Assignment_3_Updated/A3/Q2/README.md
> git log --format=%H%n%aN%n%aE%n%at%n%ct%n%P%n%B -z -n2 -- /home/luke/Projects/Assignment_3_Updated/A3/Q2/README.md
> git show --textconv :Q2/README.md
> git ls-files --stage -- /home/luke/Projects/Assignment_3_Updated/A3/Q2/README.md
> git cat-file -s 6e7c913bd943a12db56a6fb89f64efbe8e88270c
> git show --textconv :Q2/README.md
> git ls-files --stage -- /home/luke/Projects/Assignment_3_Updated/A3/Q2/README.md
> git cat-file -s 6e7c913bd943a12db56a6fb89f64efbe8e88270c
> git status -z -u
> git symbolic-ref --short HEAD
> git for-each-ref --format=%(refname)%00%(upstream:short)%00%(upstream:track)%00%(objectname) refs/heads/master refs/remotes/master
> git for-each-ref --sort -committerdate --format %(refname) %(objectname) %(*objectname)
> git remote --verbose
> git config --get commit.template
> git rev-list --count 5e209bd24eee9cf153cc25cacfb1ef119beffa62.. -- /home/luke/Projects/Assignment_3_Updated/A3/Q2/README.md
> git log --format=%H%n%aN%n%aE%n%at%n%ct%n%P%n%B -z -n2 -- /home/luke/Projects/Assignment_3_Updated/A3/Q2/README.md
> git show --textconv :Q2/Makefile
> git ls-files --stage -- /home/luke/Projects/Assignment_3_Updated/A3/Q2/Makefile
> git cat-file -s afb582d799c117b53bb44e6b402c380ef37d2a55
> git show --textconv :Q1/main.c
> git ls-files --stage -- /home/luke/Projects/Assignment_3_Updated/A3/Q1/main.c
> git cat-file -s 3bc7f90a9c777b2625e3e072c604629892c18474
> git show --textconv :Q2/README.md
> git ls-files --stage -- /home/luke/Projects/Assignment_3_Updated/A3/Q2/README.md
> git cat-file -s 6e7c913bd943a12db56a6fb89f64efbe8e88270c
> git check-ignore -v -z --stdin
> git status -z -u
> git symbolic-ref --short HEAD
> git for-each-ref --format=%(refname)%00%(upstream:short)%00%(upstream:track)%00%(objectname) refs/heads/master refs/remotes/master
> git for-each-ref --sort -committerdate --format %(refname) %(objectname) %(*objectname)
> git remote --verbose
> git config --get commit.template
> git rev-list --count 5e209bd24eee9cf153cc25cacfb1ef119beffa62.. -- /home/luke/Projects/Assignment_3_Updated/A3/Q2/README.md
> git log --format=%H%n%aN%n%aE%n%at%n%ct%n%P%n%B -z -n2 -- /home/luke/Projects/Assignment_3_Updated/A3/Q2/README.md
> git status -z -u
> git symbolic-ref --short HEAD
> git for-each-ref --format=%(refname)%00%(upstream:short)%00%(upstream:track)%00%(objectname) refs/heads/master refs/remotes/master
> git for-each-ref --sort -committerdate --format %(refname) %(objectname) %(*objectname)
> git remote --verbose
> git config --get commit.template
> git rev-list --count 5e209bd24eee9cf153cc25cacfb1ef119beffa62.. -- /home/luke/Projects/Assignment_3_Updated/A3/Q2/README.md
> git log --format=%H%n%aN%n%aE%n%at%n%ct%n%P%n%B -z -n2 -- /home/luke/Projects/Assignment_3_Updated/A3/Q2/README.md
> git status -z -u
> git symbolic-ref --short HEAD
> git for-each-ref --format=%(refname)%00%(upstream:short)%00%(upstream:track)%00%(objectname) refs/heads/master refs/remotes/master
> git for-each-ref --sort -committerdate --format %(refname) %(objectname) %(*objectname)
> git remote --verbose
> git config --get commit.template
> git rev-list --count 5e209bd24eee9cf153cc25cacfb1ef119beffa62.. -- /home/luke/Projects/Assignment_3_Updated/A3/Q2/README.md
> git log --format=%H%n%aN%n%aE%n%at%n%ct%n%P%n%B -z -n2 -- /home/luke/Projects/Assignment_3_Updated/A3/Q2/README.md
> git status -z -u
> git symbolic-ref --short HEAD
> git for-each-ref --format=%(refname)%00%(upstream:short)%00%(upstream:track)%00%(objectname) refs/heads/master refs/remotes/master
> git for-each-ref --sort -committerdate --format %(refname) %(objectname) %(*objectname)
> git remote --verbose
> git config --get commit.template
> git rev-list --count 5e209bd24eee9cf153cc25cacfb1ef119beffa62.. -- /home/luke/Projects/Assignment_3_Updated/A3/Q2/README.md
> git log --format=%H%n%aN%n%aE%n%at%n%ct%n%P%n%B -z -n2 -- /home/luke/Projects/Assignment_3_Updated/A3/Q2/README.md
> git status -z -u
> git symbolic-ref --short HEAD
> git for-each-ref --format=%(refname)%00%(upstream:short)%00%(upstream:track)%00%(objectname) refs/heads/master refs/remotes/master
> git for-each-ref --sort -committerdate --format %(refname) %(objectname) %(*objectname)
> git remote --verbose
> git config --get commit.template
> git rev-list --count 5e209bd24eee9cf153cc25cacfb1ef119beffa62.. -- /home/luke/Projects/Assignment_3_Updated/A3/Q2/README.md
> git log --format=%H%n%aN%n%aE%n%at%n%ct%n%P%n%B -z -n2 -- /home/luke/Projects/Assignment_3_Updated/A3/Q2/README.md
> git status -z -u
> git symbolic-ref --short HEAD
> git for-each-ref --format=%(refname)%00%(upstream:short)%00%(upstream:track)%00%(objectname) refs/heads/master refs/remotes/master
> git for-each-ref --sort -committerdate --format %(refname) %(objectname) %(*objectname)
> git remote --verbose
> git config --get commit.template
> git rev-list --count 5e209bd24eee9cf153cc25cacfb1ef119beffa62.. -- /home/luke/Projects/Assignment_3_Updated/A3/Q2/README.md
> git log --format=%H%n%aN%n%aE%n%at%n%ct%n%P%n%B -z -n2 -- /home/luke/Projects/Assignment_3_Updated/A3/Q2/README.md
> git show --textconv :Q2/README.md
> git ls-files --stage -- /home/luke/Projects/Assignment_3_Updated/A3/Q2/README.md
> git cat-file -s 6e7c913bd943a12db56a6fb89f64efbe8e88270c
> git status -z -u
> git symbolic-ref --short HEAD
> git for-each-ref --format=%(refname)%00%(upstream:short)%00%(upstream:track)%00%(objectname) refs/heads/master refs/remotes/master
> git for-each-ref --sort -committerdate --format %(refname) %(objectname) %(*objectname)
> git remote --verbose
> git config --get commit.template
> git rev-list --count 5e209bd24eee9cf153cc25cacfb1ef119beffa62.. -- /home/luke/Projects/Assignment_3_Updated/A3/Q2/README.md
> git log --format=%H%n%aN%n%aE%n%at%n%ct%n%P%n%B -z -n2 -- /home/luke/Projects/Assignment_3_Updated/A3/Q2/README.md
> git status -z -u
> git symbolic-ref --short HEAD
> git for-each-ref --format=%(refname)%00%(upstream:short)%00%(upstream:track)%00%(objectname) refs/heads/master refs/remotes/master
> git for-each-ref --sort -committerdate --format %(refname) %(objectname) %(*objectname)
> git remote --verbose
> git config --get commit.template
> git rev-list --count 5e209bd24eee9cf153cc25cacfb1ef119beffa62.. -- /home/luke/Projects/Assignment_3_Updated/A3/Q2/README.md
> git log --format=%H%n%aN%n%aE%n%at%n%ct%n%P%n%B -z -n2 -- /home/luke/Projects/Assignment_3_Updated/A3/Q2/README.md
> git status -z -u
> git symbolic-ref --short HEAD
> git for-each-ref --format=%(refname)%00%(upstream:short)%00%(upstream:track)%00%(objectname) refs/heads/master refs/remotes/master
> git for-each-ref --sort -committerdate --format %(refname) %(objectname) %(*objectname)
> git remote --verbose
> git config --get commit.template
> git rev-list --count 5e209bd24eee9cf153cc25cacfb1ef119beffa62.. -- /home/luke/Projects/Assignment_3_Updated/A3/Q2/README.md
> git log --format=%H%n%aN%n%aE%n%at%n%ct%n%P%n%B -z -n2 -- /home/luke/Projects/Assignment_3_Updated/A3/Q2/README.md
> git status -z -u
> git symbolic-ref --short HEAD
> git for-each-ref --format=%(refname)%00%(upstream:short)%00%(upstream:track)%00%(objectname) refs/heads/master refs/remotes/master
> git for-each-ref --sort -committerdate --format %(refname) %(objectname) %(*objectname)
> git remote --verbose
> git config --get commit.template
> git rev-list --count 5e209bd24eee9cf153cc25cacfb1ef119beffa62.. -- /home/luke/Projects/Assignment_3_Updated/A3/Q2/README.md
> git log --format=%H%n%aN%n%aE%n%at%n%ct%n%P%n%B -z -n2 -- /home/luke/Projects/Assignment_3_Updated/A3/Q2/README.md
> git status -z -u
> git symbolic-ref --short HEAD
> git for-each-ref --format=%(refname)%00%(upstream:short)%00%(upstream:track)%00%(objectname) refs/heads/master refs/remotes/master
> git for-each-ref --sort -committerdate --format %(refname) %(objectname) %(*objectname)
> git remote --verbose
> git config --get commit.template
> git rev-list --count 5e209bd24eee9cf153cc25cacfb1ef119beffa62.. -- /home/luke/Projects/Assignment_3_Updated/A3/Q2/README.md
> git log --format=%H%n%aN%n%aE%n%at%n%ct%n%P%n%B -z -n2 -- /home/luke/Projects/Assignment_3_Updated/A3/Q2/README.md
> git status -z -u
> git symbolic-ref --short HEAD
> git for-each-ref --format=%(refname)%00%(upstream:short)%00%(upstream:track)%00%(objectname) refs/heads/master refs/remotes/master
> git for-each-ref --sort -committerdate --format %(refname) %(objectname) %(*objectname)
> git remote --verbose
> git config --get commit.template
> git rev-list --count 5e209bd24eee9cf153cc25cacfb1ef119beffa62.. -- /home/luke/Projects/Assignment_3_Updated/A3/Q2/README.md
> git log --format=%H%n%aN%n%aE%n%at%n%ct%n%P%n%B -z -n2 -- /home/luke/Projects/Assignment_3_Updated/A3/Q2/README.md
> git status -z -u
> git symbolic-ref --short HEAD
> git for-each-ref --format=%(refname)%00%(upstream:short)%00%(upstream:track)%00%(objectname) refs/heads/master refs/remotes/master
> git for-each-ref --sort -committerdate --format %(refname) %(objectname) %(*objectname)
> git remote --verbose
> git config --get commit.template
> git rev-list --count 5e209bd24eee9cf153cc25cacfb1ef119beffa62.. -- /home/luke/Projects/Assignment_3_Updated/A3/Q2/README.md
> git log --format=%H%n%aN%n%aE%n%at%n%ct%n%P%n%B -z -n2 -- /home/luke/Projects/Assignment_3_Updated/A3/Q2/README.md
> git status -z -u
> git symbolic-ref --short HEAD
> git for-each-ref --format=%(refname)%00%(upstream:short)%00%(upstream:track)%00%(objectname) refs/heads/master refs/remotes/master
> git for-each-ref --sort -committerdate --format %(refname) %(objectname) %(*objectname)
> git remote --verbose
> git config --get commit.template
> git rev-list --count 5e209bd24eee9cf153cc25cacfb1ef119beffa62.. -- /home/luke/Projects/Assignment_3_Updated/A3/Q2/README.md
> git log --format=%H%n%aN%n%aE%n%at%n%ct%n%P%n%B -z -n2 -- /home/luke/Projects/Assignment_3_Updated/A3/Q2/README.md
> git status -z -u
> git symbolic-ref --short HEAD
> git for-each-ref --format=%(refname)%00%(upstream:short)%00%(upstream:track)%00%(objectname) refs/heads/master refs/remotes/master
> git for-each-ref --sort -committerdate --format %(refname) %(objectname) %(*objectname)
> git remote --verbose
> git config --get commit.template
> git rev-list --count 5e209bd24eee9cf153cc25cacfb1ef119beffa62.. -- /home/luke/Projects/Assignment_3_Updated/A3/Q2/README.md
> git log --format=%H%n%aN%n%aE%n%at%n%ct%n%P%n%B -z -n2 -- /home/luke/Projects/Assignment_3_Updated/A3/Q2/README.md
> git status -z -u
> git symbolic-ref --short HEAD
> git for-each-ref --format=%(refname)%00%(upstream:short)%00%(upstream:track)%00%(objectname) refs/heads/master refs/remotes/master
> git for-each-ref --sort -committerdate --format %(refname) %(objectname) %(*objectname)
> git remote --verbose
> git config --get commit.template
> git rev-list --count 5e209bd24eee9cf153cc25cacfb1ef119beffa62.. -- /home/luke/Projects/Assignment_3_Updated/A3/Q2/README.md
> git log --format=%H%n%aN%n%aE%n%at%n%ct%n%P%n%B -z -n2 -- /home/luke/Projects/Assignment_3_Updated/A3/Q2/README.md
> git status -z -u
> git symbolic-ref --short HEAD
> git for-each-ref --format=%(refname)%00%(upstream:short)%00%(upstream:track)%00%(objectname) refs/heads/master refs/remotes/master
> git for-each-ref --sort -committerdate --format %(refname) %(objectname) %(*objectname)
> git remote --verbose
> git config --get commit.template
> git rev-list --count 5e209bd24eee9cf153cc25cacfb1ef119beffa62.. -- /home/luke/Projects/Assignment_3_Updated/A3/Q2/README.md
> git log --format=%H%n%aN%n%aE%n%at%n%ct%n%P%n%B -z -n2 -- /home/luke/Projects/Assignment_3_Updated/A3/Q2/README.md
> git status -z -u
> git symbolic-ref --short HEAD
> git for-each-ref --format=%(refname)%00%(upstream:short)%00%(upstream:track)%00%(objectname) refs/heads/master refs/remotes/master
> git for-each-ref --sort -committerdate --format %(refname) %(objectname) %(*objectname)
> git remote --verbose
> git config --get commit.template
> git rev-list --count 5e209bd24eee9cf153cc25cacfb1ef119beffa62.. -- /home/luke/Projects/Assignment_3_Updated/A3/Q2/README.md
> git log --format=%H%n%aN%n%aE%n%at%n%ct%n%P%n%B -z -n2 -- /home/luke/Projects/Assignment_3_Updated/A3/Q2/README.md
> git status -z -u
> git symbolic-ref --short HEAD
> git for-each-ref --format=%(refname)%00%(upstream:short)%00%(upstream:track)%00%(objectname) refs/heads/master refs/remotes/master
> git for-each-ref --sort -committerdate --format %(refname) %(objectname) %(*objectname)
> git remote --verbose
> git config --get commit.template
> git rev-list --count 5e209bd24eee9cf153cc25cacfb1ef119beffa62.. -- /home/luke/Projects/Assignment_3_Updated/A3/Q2/README.md
> git log --format=%H%n%aN%n%aE%n%at%n%ct%n%P%n%B -z -n2 -- /home/luke/Projects/Assignment_3_Updated/A3/Q2/README.md
> git status -z -u
> git symbolic-ref --short HEAD
> git for-each-ref --format=%(refname)%00%(upstream:short)%00%(upstream:track)%00%(objectname) refs/heads/master refs/remotes/master
> git for-each-ref --sort -committerdate --format %(refname) %(objectname) %(*objectname)
> git remote --verbose
> git config --get commit.template
> git rev-list --count 5e209bd24eee9cf153cc25cacfb1ef119beffa62.. -- /home/luke/Projects/Assignment_3_Updated/A3/Q2/README.md
> git log --format=%H%n%aN%n%aE%n%at%n%ct%n%P%n%B -z -n2 -- /home/luke/Projects/Assignment_3_Updated/A3/Q2/README.md
> git status -z -u
> git symbolic-ref --short HEAD
> git for-each-ref --format=%(refname)%00%(upstream:short)%00%(upstream:track)%00%(objectname) refs/heads/master refs/remotes/master
> git for-each-ref --sort -committerdate --format %(refname) %(objectname) %(*objectname)
> git remote --verbose
> git config --get commit.template
> git rev-list --count 5e209bd24eee9cf153cc25cacfb1ef119beffa62.. -- /home/luke/Projects/Assignment_3_Updated/A3/Q2/README.md
> git log --format=%H%n%aN%n%aE%n%at%n%ct%n%P%n%B -z -n2 -- /home/luke/Projects/Assignment_3_Updated/A3/Q2/README.md
> git status -z -u
> git symbolic-ref --short HEAD
> git for-each-ref --format=%(refname)%00%(upstream:short)%00%(upstream:track)%00%(objectname) refs/heads/master refs/remotes/master
> git for-each-ref --sort -committerdate --format %(refname) %(objectname) %(*objectname)
> git remote --verbose
> git config --get commit.template
> git rev-list --count 5e209bd24eee9cf153cc25cacfb1ef119beffa62.. -- /home/luke/Projects/Assignment_3_Updated/A3/Q2/README.md
> git log --format=%H%n%aN%n%aE%n%at%n%ct%n%P%n%B -z -n2 -- /home/luke/Projects/Assignment_3_Updated/A3/Q2/README.md
> git status -z -u
> git symbolic-ref --short HEAD
> git for-each-ref --format=%(refname)%00%(upstream:short)%00%(upstream:track)%00%(objectname) refs/heads/master refs/remotes/master
> git for-each-ref --sort -committerdate --format %(refname) %(objectname) %(*objectname)
> git remote --verbose
> git config --get commit.template
> git rev-list --count 5e209bd24eee9cf153cc25cacfb1ef119beffa62.. -- /home/luke/Projects/Assignment_3_Updated/A3/Q2/README.md
> git log --format=%H%n%aN%n%aE%n%at%n%ct%n%P%n%B -z -n2 -- /home/luke/Projects/Assignment_3_Updated/A3/Q2/README.md
> git status -z -u
> git symbolic-ref --short HEAD
> git for-each-ref --format=%(refname)%00%(upstream:short)%00%(upstream:track)%00%(objectname) refs/heads/master refs/remotes/master
> git for-each-ref --sort -committerdate --format %(refname) %(objectname) %(*objectname)
> git remote --verbose
> git config --get commit.template
> git rev-list --count 5e209bd24eee9cf153cc25cacfb1ef119beffa62.. -- /home/luke/Projects/Assignment_3_Updated/A3/Q2/README.md
> git log --format=%H%n%aN%n%aE%n%at%n%ct%n%P%n%B -z -n2 -- /home/luke/Projects/Assignment_3_Updated/A3/Q2/README.md
> git status -z -u
> git symbolic-ref --short HEAD
> git for-each-ref --format=%(refname)%00%(upstream:short)%00%(upstream:track)%00%(objectname) refs/heads/master refs/remotes/master
> git for-each-ref --sort -committerdate --format %(refname) %(objectname) %(*objectname)
> git remote --verbose
> git config --get commit.template
> git rev-list --count 5e209bd24eee9cf153cc25cacfb1ef119beffa62.. -- /home/luke/Projects/Assignment_3_Updated/A3/Q2/README.md
> git log --format=%H%n%aN%n%aE%n%at%n%ct%n%P%n%B -z -n2 -- /home/luke/Projects/Assignment_3_Updated/A3/Q2/README.md
> git status -z -u
> git symbolic-ref --short HEAD
> git for-each-ref --format=%(refname)%00%(upstream:short)%00%(upstream:track)%00%(objectname) refs/heads/master refs/remotes/master
> git for-each-ref --sort -committerdate --format %(refname) %(objectname) %(*objectname)
> git remote --verbose
> git config --get commit.template
> git rev-list --count 5e209bd24eee9cf153cc25cacfb1ef119beffa62.. -- /home/luke/Projects/Assignment_3_Updated/A3/Q2/README.md
> git log --format=%H%n%aN%n%aE%n%at%n%ct%n%P%n%B -z -n2 -- /home/luke/Projects/Assignment_3_Updated/A3/Q2/README.md
> git status -z -u
> git symbolic-ref --short HEAD
> git for-each-ref --format=%(refname)%00%(upstream:short)%00%(upstream:track)%00%(objectname) refs/heads/master refs/remotes/master
> git for-each-ref --sort -committerdate --format %(refname) %(objectname) %(*objectname)
> git remote --verbose
> git config --get commit.template
> git rev-list --count 5e209bd24eee9cf153cc25cacfb1ef119beffa62.. -- /home/luke/Projects/Assignment_3_Updated/A3/Q2/README.md
> git log --format=%H%n%aN%n%aE%n%at%n%ct%n%P%n%B -z -n2 -- /home/luke/Projects/Assignment_3_Updated/A3/Q2/README.md
> git status -z -u
> git symbolic-ref --short HEAD
> git for-each-ref --format=%(refname)%00%(upstream:short)%00%(upstream:track)%00%(objectname) refs/heads/master refs/remotes/master
> git for-each-ref --sort -committerdate --format %(refname) %(objectname) %(*objectname)
> git remote --verbose
> git config --get commit.template
> git rev-list --count 5e209bd24eee9cf153cc25cacfb1ef119beffa62.. -- /home/luke/Projects/Assignment_3_Updated/A3/Q2/README.md
> git log --format=%H%n%aN%n%aE%n%at%n%ct%n%P%n%B -z -n2 -- /home/luke/Projects/Assignment_3_Updated/A3/Q2/README.md
> git status -z -u
> git symbolic-ref --short HEAD
> git for-each-ref --format=%(refname)%00%(upstream:short)%00%(upstream:track)%00%(objectname) refs/heads/master refs/remotes/master
> git for-each-ref --sort -committerdate --format %(refname) %(objectname) %(*objectname)
> git remote --verbose
> git config --get commit.template
> git rev-list --count 5e209bd24eee9cf153cc25cacfb1ef119beffa62.. -- /home/luke/Projects/Assignment_3_Updated/A3/Q2/README.md
> git log --format=%H%n%aN%n%aE%n%at%n%ct%n%P%n%B -z -n2 -- /home/luke/Projects/Assignment_3_Updated/A3/Q2/README.md
> git status -z -u
> git symbolic-ref --short HEAD
> git for-each-ref --format=%(refname)%00%(upstream:short)%00%(upstream:track)%00%(objectname) refs/heads/master refs/remotes/master
> git for-each-ref --sort -committerdate --format %(refname) %(objectname) %(*objectname)
> git remote --verbose
> git config --get commit.template
> git rev-list --count 5e209bd24eee9cf153cc25cacfb1ef119beffa62.. -- /home/luke/Projects/Assignment_3_Updated/A3/Q2/README.md
> git log --format=%H%n%aN%n%aE%n%at%n%ct%n%P%n%B -z -n2 -- /home/luke/Projects/Assignment_3_Updated/A3/Q2/README.md
> git status -z -u
> git symbolic-ref --short HEAD
> git for-each-ref --format=%(refname)%00%(upstream:short)%00%(upstream:track)%00%(objectname) refs/heads/master refs/remotes/master
> git for-each-ref --sort -committerdate --format %(refname) %(objectname) %(*objectname)
> git remote --verbose
> git config --get commit.template
> git rev-list --count 5e209bd24eee9cf153cc25cacfb1ef119beffa62.. -- /home/luke/Projects/Assignment_3_Updated/A3/Q2/README.md
> git log --format=%H%n%aN%n%aE%n%at%n%ct%n%P%n%B -z -n2 -- /home/luke/Projects/Assignment_3_Updated/A3/Q2/README.md
> git status -z -u
> git symbolic-ref --short HEAD
> git for-each-ref --format=%(refname)%00%(upstream:short)%00%(upstream:track)%00%(objectname) refs/heads/master refs/remotes/master
> git for-each-ref --sort -committerdate --format %(refname) %(objectname) %(*objectname)
> git remote --verbose
> git config --get commit.template
> git rev-list --count 5e209bd24eee9cf153cc25cacfb1ef119beffa62.. -- /home/luke/Projects/Assignment_3_Updated/A3/Q2/README.md
> git log --format=%H%n%aN%n%aE%n%at%n%ct%n%P%n%B -z -n2 -- /home/luke/Projects/Assignment_3_Updated/A3/Q2/README.md
> git status -z -u
> git symbolic-ref --short HEAD
> git for-each-ref --format=%(refname)%00%(upstream:short)%00%(upstream:track)%00%(objectname) refs/heads/master refs/remotes/master
> git for-each-ref --sort -committerdate --format %(refname) %(objectname) %(*objectname)
> git remote --verbose
> git config --get commit.template
> git rev-list --count 5e209bd24eee9cf153cc25cacfb1ef119beffa62.. -- /home/luke/Projects/Assignment_3_Updated/A3/Q2/README.md
> git log --format=%H%n%aN%n%aE%n%at%n%ct%n%P%n%B -z -n2 -- /home/luke/Projects/Assignment_3_Updated/A3/Q2/README.md
> git status -z -u
> git symbolic-ref --short HEAD
> git for-each-ref --format=%(refname)%00%(upstream:short)%00%(upstream:track)%00%(objectname) refs/heads/master refs/remotes/master
> git for-each-ref --sort -committerdate --format %(refname) %(objectname) %(*objectname)
> git remote --verbose
> git config --get commit.template
> git rev-list --count 5e209bd24eee9cf153cc25cacfb1ef119beffa62.. -- /home/luke/Projects/Assignment_3_Updated/A3/Q2/README.md
> git log --format=%H%n%aN%n%aE%n%at%n%ct%n%P%n%B -z -n2 -- /home/luke/Projects/Assignment_3_Updated/A3/Q2/README.md
> git status -z -u
> git symbolic-ref --short HEAD
> git for-each-ref --format=%(refname)%00%(upstream:short)%00%(upstream:track)%00%(objectname) refs/heads/master refs/remotes/master
> git for-each-ref --sort -committerdate --format %(refname) %(objectname) %(*objectname)
> git remote --verbose
> git config --get commit.template
> git rev-list --count 5e209bd24eee9cf153cc25cacfb1ef119beffa62.. -- /home/luke/Projects/Assignment_3_Updated/A3/Q2/README.md
> git log --format=%H%n%aN%n%aE%n%at%n%ct%n%P%n%B -z -n2 -- /home/luke/Projects/Assignment_3_Updated/A3/Q2/README.md
> git status -z -u
> git symbolic-ref --short HEAD
> git for-each-ref --format=%(refname)%00%(upstream:short)%00%(upstream:track)%00%(objectname) refs/heads/master refs/remotes/master
> git for-each-ref --sort -committerdate --format %(refname) %(objectname) %(*objectname)
> git remote --verbose
> git config --get commit.template
> git rev-list --count 5e209bd24eee9cf153cc25cacfb1ef119beffa62.. -- /home/luke/Projects/Assignment_3_Updated/A3/Q2/README.md
> git log --format=%H%n%aN%n%aE%n%at%n%ct%n%P%n%B -z -n2 -- /home/luke/Projects/Assignment_3_Updated/A3/Q2/README.md
> git status -z -u
> git symbolic-ref --short HEAD
> git for-each-ref --format=%(refname)%00%(upstream:short)%00%(upstream:track)%00%(objectname) refs/heads/master refs/remotes/master
> git for-each-ref --sort -committerdate --format %(refname) %(objectname) %(*objectname)
> git remote --verbose
> git config --get commit.template
> git rev-list --count 5e209bd24eee9cf153cc25cacfb1ef119beffa62.. -- /home/luke/Projects/Assignment_3_Updated/A3/Q2/README.md
> git log --format=%H%n%aN%n%aE%n%at%n%ct%n%P%n%B -z -n2 -- /home/luke/Projects/Assignment_3_Updated/A3/Q2/README.md
> git status -z -u
> git symbolic-ref --short HEAD
> git for-each-ref --format=%(refname)%00%(upstream:short)%00%(upstream:track)%00%(objectname) refs/heads/master refs/remotes/master
> git for-each-ref --sort -committerdate --format %(refname) %(objectname) %(*objectname)
> git remote --verbose
> git config --get commit.template
> git rev-list --count 5e209bd24eee9cf153cc25cacfb1ef119beffa62.. -- /home/luke/Projects/Assignment_3_Updated/A3/Q2/README.md
> git log --format=%H%n%aN%n%aE%n%at%n%ct%n%P%n%B -z -n2 -- /home/luke/Projects/Assignment_3_Updated/A3/Q2/README.md
> git status -z -u
> git symbolic-ref --short HEAD
> git for-each-ref --format=%(refname)%00%(upstream:short)%00%(upstream:track)%00%(objectname) refs/heads/master refs/remotes/master
> git for-each-ref --sort -committerdate --format %(refname) %(objectname) %(*objectname)
> git remote --verbose
> git config --get commit.template
> git rev-list --count 5e209bd24eee9cf153cc25cacfb1ef119beffa62.. -- /home/luke/Projects/Assignment_3_Updated/A3/Q2/README.md
> git log --format=%H%n%aN%n%aE%n%at%n%ct%n%P%n%B -z -n2 -- /home/luke/Projects/Assignment_3_Updated/A3/Q2/README.md
> git status -z -u
> git symbolic-ref --short HEAD
> git for-each-ref --format=%(refname)%00%(upstream:short)%00%(upstream:track)%00%(objectname) refs/heads/master refs/remotes/master
> git for-each-ref --sort -committerdate --format %(refname) %(objectname) %(*objectname)
> git remote --verbose
> git config --get commit.template
> git rev-list --count 5e209bd24eee9cf153cc25cacfb1ef119beffa62.. -- /home/luke/Projects/Assignment_3_Updated/A3/Q2/README.md
> git log --format=%H%n%aN%n%aE%n%at%n%ct%n%P%n%B -z -n2 -- /home/luke/Projects/Assignment_3_Updated/A3/Q2/README.md
> git status -z -u
> git symbolic-ref --short HEAD
> git for-each-ref --format=%(refname)%00%(upstream:short)%00%(upstream:track)%00%(objectname) refs/heads/master refs/remotes/master
> git for-each-ref --sort -committerdate --format %(refname) %(objectname) %(*objectname)
> git remote --verbose
> git config --get commit.template
> git rev-list --count 5e209bd24eee9cf153cc25cacfb1ef119beffa62.. -- /home/luke/Projects/Assignment_3_Updated/A3/Q2/README.md
> git log --format=%H%n%aN%n%aE%n%at%n%ct%n%P%n%B -z -n2 -- /home/luke/Projects/Assignment_3_Updated/A3/Q2/README.md
> git status -z -u
> git symbolic-ref --short HEAD
> git for-each-ref --format=%(refname)%00%(upstream:short)%00%(upstream:track)%00%(objectname) refs/heads/master refs/remotes/master
> git for-each-ref --sort -committerdate --format %(refname) %(objectname) %(*objectname)
> git remote --verbose
> git config --get commit.template
> git rev-list --count 5e209bd24eee9cf153cc25cacfb1ef119beffa62.. -- /home/luke/Projects/Assignment_3_Updated/A3/Q2/README.md
> git log --format=%H%n%aN%n%aE%n%at%n%ct%n%P%n%B -z -n2 -- /home/luke/Projects/Assignment_3_Updated/A3/Q2/README.md
> git status -z -u
> git symbolic-ref --short HEAD
> git for-each-ref --format=%(refname)%00%(upstream:short)%00%(upstream:track)%00%(objectname) refs/heads/master refs/remotes/master
> git for-each-ref --sort -committerdate --format %(refname) %(objectname) %(*objectname)
> git remote --verbose
> git config --get commit.template
> git rev-list --count 5e209bd24eee9cf153cc25cacfb1ef119beffa62.. -- /home/luke/Projects/Assignment_3_Updated/A3/Q2/README.md
> git log --format=%H%n%aN%n%aE%n%at%n%ct%n%P%n%B -z -n2 -- /home/luke/Projects/Assignment_3_Updated/A3/Q2/README.md
> git status -z -u
> git symbolic-ref --short HEAD
> git for-each-ref --format=%(refname)%00%(upstream:short)%00%(upstream:track)%00%(objectname) refs/heads/master refs/remotes/master
> git for-each-ref --sort -committerdate --format %(refname) %(objectname) %(*objectname)
> git remote --verbose
> git config --get commit.template
> git rev-list --count 5e209bd24eee9cf153cc25cacfb1ef119beffa62.. -- /home/luke/Projects/Assignment_3_Updated/A3/Q2/README.md
> git log --format=%H%n%aN%n%aE%n%at%n%ct%n%P%n%B -z -n2 -- /home/luke/Projects/Assignment_3_Updated/A3/Q2/README.md
> git status -z -u
> git symbolic-ref --short HEAD
> git for-each-ref --format=%(refname)%00%(upstream:short)%00%(upstream:track)%00%(objectname) refs/heads/master refs/remotes/master
> git for-each-ref --sort -committerdate --format %(refname) %(objectname) %(*objectname)
> git remote --verbose
> git config --get commit.template
> git rev-list --count 5e209bd24eee9cf153cc25cacfb1ef119beffa62.. -- /home/luke/Projects/Assignment_3_Updated/A3/Q2/README.md
> git log --format=%H%n%aN%n%aE%n%at%n%ct%n%P%n%B -z -n2 -- /home/luke/Projects/Assignment_3_Updated/A3/Q2/README.md
> git status -z -u
> git symbolic-ref --short HEAD
> git for-each-ref --format=%(refname)%00%(upstream:short)%00%(upstream:track)%00%(objectname) refs/heads/master refs/remotes/master
> git for-each-ref --sort -committerdate --format %(refname) %(objectname) %(*objectname)
> git remote --verbose
> git config --get commit.template
> git rev-list --count 5e209bd24eee9cf153cc25cacfb1ef119beffa62.. -- /home/luke/Projects/Assignment_3_Updated/A3/Q2/README.md
> git log --format=%H%n%aN%n%aE%n%at%n%ct%n%P%n%B -z -n2 -- /home/luke/Projects/Assignment_3_Updated/A3/Q2/README.md
> git status -z -u
> git symbolic-ref --short HEAD
> git for-each-ref --format=%(refname)%00%(upstream:short)%00%(upstream:track)%00%(objectname) refs/heads/master refs/remotes/master
> git for-each-ref --sort -committerdate --format %(refname) %(objectname) %(*objectname)
> git remote --verbose
> git config --get commit.template
> git rev-list --count 5e209bd24eee9cf153cc25cacfb1ef119beffa62.. -- /home/luke/Projects/Assignment_3_Updated/A3/Q2/README.md
> git log --format=%H%n%aN%n%aE%n%at%n%ct%n%P%n%B -z -n2 -- /home/luke/Projects/Assignment_3_Updated/A3/Q2/README.md
> git status -z -u
> git symbolic-ref --short HEAD
> git for-each-ref --format=%(refname)%00%(upstream:short)%00%(upstream:track)%00%(objectname) refs/heads/master refs/remotes/master
> git for-each-ref --sort -committerdate --format %(refname) %(objectname) %(*objectname)
> git remote --verbose
> git config --get commit.template
> git rev-list --count 5e209bd24eee9cf153cc25cacfb1ef119beffa62.. -- /home/luke/Projects/Assignment_3_Updated/A3/Q2/README.md
> git log --format=%H%n%aN%n%aE%n%at%n%ct%n%P%n%B -z -n2 -- /home/luke/Projects/Assignment_3_Updated/A3/Q2/README.md
> git status -z -u
> git symbolic-ref --short HEAD
> git for-each-ref --format=%(refname)%00%(upstream:short)%00%(upstream:track)%00%(objectname) refs/heads/master refs/remotes/master
> git for-each-ref --sort -committerdate --format %(refname) %(objectname) %(*objectname)
> git remote --verbose
> git config --get commit.template
> git rev-list --count 5e209bd24eee9cf153cc25cacfb1ef119beffa62.. -- /home/luke/Projects/Assignment_3_Updated/A3/Q2/README.md
> git log --format=%H%n%aN%n%aE%n%at%n%ct%n%P%n%B -z -n2 -- /home/luke/Projects/Assignment_3_Updated/A3/Q2/README.md
> git status -z -u
> git symbolic-ref --short HEAD
> git for-each-ref --format=%(refname)%00%(upstream:short)%00%(upstream:track)%00%(objectname) refs/heads/master refs/remotes/master
> git for-each-ref --sort -committerdate --format %(refname) %(objectname) %(*objectname)
> git remote --verbose
> git config --get commit.template
> git rev-list --count 5e209bd24eee9cf153cc25cacfb1ef119beffa62.. -- /home/luke/Projects/Assignment_3_Updated/A3/Q2/README.md
> git log --format=%H%n%aN%n%aE%n%at%n%ct%n%P%n%B -z -n2 -- /home/luke/Projects/Assignment_3_Updated/A3/Q2/README.md
> git status -z -u
> git symbolic-ref --short HEAD
> git for-each-ref --format=%(refname)%00%(upstream:short)%00%(upstream:track)%00%(objectname) refs/heads/master refs/remotes/master
> git for-each-ref --sort -committerdate --format %(refname) %(objectname) %(*objectname)
> git remote --verbose
> git config --get commit.template
> git rev-list --count 5e209bd24eee9cf153cc25cacfb1ef119beffa62.. -- /home/luke/Projects/Assignment_3_Updated/A3/Q2/README.md
> git log --format=%H%n%aN%n%aE%n%at%n%ct%n%P%n%B -z -n2 -- /home/luke/Projects/Assignment_3_Updated/A3/Q2/README.md
> git status -z -u
> git symbolic-ref --short HEAD
> git for-each-ref --format=%(refname)%00%(upstream:short)%00%(upstream:track)%00%(objectname) refs/heads/master refs/remotes/master
> git for-each-ref --sort -committerdate --format %(refname) %(objectname) %(*objectname)
> git remote --verbose
> git config --get commit.template
> git rev-list --count 5e209bd24eee9cf153cc25cacfb1ef119beffa62.. -- /home/luke/Projects/Assignment_3_Updated/A3/Q2/README.md
> git log --format=%H%n%aN%n%aE%n%at%n%ct%n%P%n%B -z -n2 -- /home/luke/Projects/Assignment_3_Updated/A3/Q2/README.md
> git status -z -u
> git symbolic-ref --short HEAD
> git for-each-ref --format=%(refname)%00%(upstream:short)%00%(upstream:track)%00%(objectname) refs/heads/master refs/remotes/master
> git for-each-ref --sort -committerdate --format %(refname) %(objectname) %(*objectname)
> git remote --verbose
> git config --get commit.template
> git rev-list --count 5e209bd24eee9cf153cc25cacfb1ef119beffa62.. -- /home/luke/Projects/Assignment_3_Updated/A3/Q2/README.md
> git log --format=%H%n%aN%n%aE%n%at%n%ct%n%P%n%B -z -n2 -- /home/luke/Projects/Assignment_3_Updated/A3/Q2/README.md
> git status -z -u
> git symbolic-ref --short HEAD
> git for-each-ref --format=%(refname)%00%(upstream:short)%00%(upstream:track)%00%(objectname) refs/heads/master refs/remotes/master
> git for-each-ref --sort -committerdate --format %(refname) %(objectname) %(*objectname)
> git remote --verbose
> git config --get commit.template
> git rev-list --count 5e209bd24eee9cf153cc25cacfb1ef119beffa62.. -- /home/luke/Projects/Assignment_3_Updated/A3/Q2/README.md
> git log --format=%H%n%aN%n%aE%n%at%n%ct%n%P%n%B -z -n2 -- /home/luke/Projects/Assignment_3_Updated/A3/Q2/README.md
> git status -z -u
> git symbolic-ref --short HEAD
> git for-each-ref --format=%(refname)%00%(upstream:short)%00%(upstream:track)%00%(objectname) refs/heads/master refs/remotes/master
> git for-each-ref --sort -committerdate --format %(refname) %(objectname) %(*objectname)
> git remote --verbose
> git config --get commit.template
> git rev-list --count 5e209bd24eee9cf153cc25cacfb1ef119beffa62.. -- /home/luke/Projects/Assignment_3_Updated/A3/Q2/README.md
> git log --format=%H%n%aN%n%aE%n%at%n%ct%n%P%n%B -z -n2 -- /home/luke/Projects/Assignment_3_Updated/A3/Q2/README.md
> git status -z -u
> git symbolic-ref --short HEAD
> git for-each-ref --format=%(refname)%00%(upstream:short)%00%(upstream:track)%00%(objectname) refs/heads/master refs/remotes/master
> git for-each-ref --sort -committerdate --format %(refname) %(objectname) %(*objectname)
> git remote --verbose
> git config --get commit.template
> git rev-list --count 5e209bd24eee9cf153cc25cacfb1ef119beffa62.. -- /home/luke/Projects/Assignment_3_Updated/A3/Q2/README.md
> git log --format=%H%n%aN%n%aE%n%at%n%ct%n%P%n%B -z -n2 -- /home/luke/Projects/Assignment_3_Updated/A3/Q2/README.md
> git status -z -u
> git symbolic-ref --short HEAD
> git for-each-ref --format=%(refname)%00%(upstream:short)%00%(upstream:track)%00%(objectname) refs/heads/master refs/remotes/master
> git for-each-ref --sort -committerdate --format %(refname) %(objectname) %(*objectname)
> git remote --verbose
> git config --get commit.template
> git rev-list --count 5e209bd24eee9cf153cc25cacfb1ef119beffa62.. -- /home/luke/Projects/Assignment_3_Updated/A3/Q2/README.md
> git log --format=%H%n%aN%n%aE%n%at%n%ct%n%P%n%B -z -n2 -- /home/luke/Projects/Assignment_3_Updated/A3/Q2/README.md
> git status -z -u
> git symbolic-ref --short HEAD
> git for-each-ref --format=%(refname)%00%(upstream:short)%00%(upstream:track)%00%(objectname) refs/heads/master refs/remotes/master
> git for-each-ref --sort -committerdate --format %(refname) %(objectname) %(*objectname)
> git remote --verbose
> git config --get commit.template
> git rev-list --count 5e209bd24eee9cf153cc25cacfb1ef119beffa62.. -- /home/luke/Projects/Assignment_3_Updated/A3/Q2/README.md
> git log --format=%H%n%aN%n%aE%n%at%n%ct%n%P%n%B -z -n2 -- /home/luke/Projects/Assignment_3_Updated/A3/Q2/README.md
> git status -z -u
> git symbolic-ref --short HEAD
> git for-each-ref --format=%(refname)%00%(upstream:short)%00%(upstream:track)%00%(objectname) refs/heads/master refs/remotes/master
> git for-each-ref --sort -committerdate --format %(refname) %(objectname) %(*objectname)
> git remote --verbose
> git config --get commit.template
> git rev-list --count 5e209bd24eee9cf153cc25cacfb1ef119beffa62.. -- /home/luke/Projects/Assignment_3_Updated/A3/Q2/README.md
> git log --format=%H%n%aN%n%aE%n%at%n%ct%n%P%n%B -z -n2 -- /home/luke/Projects/Assignment_3_Updated/A3/Q2/README.md
> git status -z -u
> git symbolic-ref --short HEAD
> git for-each-ref --format=%(refname)%00%(upstream:short)%00%(upstream:track)%00%(objectname) refs/heads/master refs/remotes/master
> git for-each-ref --sort -committerdate --format %(refname) %(objectname) %(*objectname)
> git remote --verbose
> git config --get commit.template
> git rev-list --count 5e209bd24eee9cf153cc25cacfb1ef119beffa62.. -- /home/luke/Projects/Assignment_3_Updated/A3/Q2/README.md
> git log --format=%H%n%aN%n%aE%n%at%n%ct%n%P%n%B -z -n2 -- /home/luke/Projects/Assignment_3_Updated/A3/Q2/README.md
> git status -z -u
> git symbolic-ref --short HEAD
> git for-each-ref --format=%(refname)%00%(upstream:short)%00%(upstream:track)%00%(objectname) refs/heads/master refs/remotes/master
> git for-each-ref --sort -committerdate --format %(refname) %(objectname) %(*objectname)
> git remote --verbose
> git config --get commit.template
> git rev-list --count 5e209bd24eee9cf153cc25cacfb1ef119beffa62.. -- /home/luke/Projects/Assignment_3_Updated/A3/Q2/README.md
> git log --format=%H%n%aN%n%aE%n%at%n%ct%n%P%n%B -z -n2 -- /home/luke/Projects/Assignment_3_Updated/A3/Q2/README.md
> git status -z -u
> git symbolic-ref --short HEAD
> git for-each-ref --format=%(refname)%00%(upstream:short)%00%(upstream:track)%00%(objectname) refs/heads/master refs/remotes/master
> git for-each-ref --sort -committerdate --format %(refname) %(objectname) %(*objectname)
> git remote --verbose
> git config --get commit.template
> git rev-list --count 5e209bd24eee9cf153cc25cacfb1ef119beffa62.. -- /home/luke/Projects/Assignment_3_Updated/A3/Q2/README.md
> git log --format=%H%n%aN%n%aE%n%at%n%ct%n%P%n%B -z -n2 -- /home/luke/Projects/Assignment_3_Updated/A3/Q2/README.md
> git status -z -u
> git symbolic-ref --short HEAD
> git for-each-ref --format=%(refname)%00%(upstream:short)%00%(upstream:track)%00%(objectname) refs/heads/master refs/remotes/master
> git for-each-ref --sort -committerdate --format %(refname) %(objectname) %(*objectname)
> git remote --verbose
> git config --get commit.template
> git rev-list --count 5e209bd24eee9cf153cc25cacfb1ef119beffa62.. -- /home/luke/Projects/Assignment_3_Updated/A3/Q2/README.md
> git log --format=%H%n%aN%n%aE%n%at%n%ct%n%P%n%B -z -n2 -- /home/luke/Projects/Assignment_3_Updated/A3/Q2/README.md
> git status -z -u
> git symbolic-ref --short HEAD
> git for-each-ref --format=%(refname)%00%(upstream:short)%00%(upstream:track)%00%(objectname) refs/heads/master refs/remotes/master
> git for-each-ref --sort -committerdate --format %(refname) %(objectname) %(*objectname)
> git remote --verbose
> git config --get commit.template
> git rev-list --count 5e209bd24eee9cf153cc25cacfb1ef119beffa62.. -- /home/luke/Projects/Assignment_3_Updated/A3/Q2/README.md
> git log --format=%H%n%aN%n%aE%n%at%n%ct%n%P%n%B -z -n2 -- /home/luke/Projects/Assignment_3_Updated/A3/Q2/README.md
> git status -z -u
> git symbolic-ref --short HEAD
> git for-each-ref --format=%(refname)%00%(upstream:short)%00%(upstream:track)%00%(objectname) refs/heads/master refs/remotes/master
> git for-each-ref --sort -committerdate --format %(refname) %(objectname) %(*objectname)
> git remote --verbose
> git config --get commit.template
> git rev-list --count 5e209bd24eee9cf153cc25cacfb1ef119beffa62.. -- /home/luke/Projects/Assignment_3_Updated/A3/Q2/README.md
> git log --format=%H%n%aN%n%aE%n%at%n%ct%n%P%n%B -z -n2 -- /home/luke/Projects/Assignment_3_Updated/A3/Q2/README.md
> git status -z -u
> git symbolic-ref --short HEAD
> git for-each-ref --format=%(refname)%00%(upstream:short)%00%(upstream:track)%00%(objectname) refs/heads/master refs/remotes/master
> git for-each-ref --sort -committerdate --format %(refname) %(objectname) %(*objectname)
> git remote --verbose
> git config --get commit.template
> git rev-list --count 5e209bd24eee9cf153cc25cacfb1ef119beffa62.. -- /home/luke/Projects/Assignment_3_Updated/A3/Q2/README.md
> git log --format=%H%n%aN%n%aE%n%at%n%ct%n%P%n%B -z -n2 -- /home/luke/Projects/Assignment_3_Updated/A3/Q2/README.md
> git status -z -u
> git symbolic-ref --short HEAD
> git for-each-ref --format=%(refname)%00%(upstream:short)%00%(upstream:track)%00%(objectname) refs/heads/master refs/remotes/master
> git for-each-ref --sort -committerdate --format %(refname) %(objectname) %(*objectname)
> git remote --verbose
> git config --get commit.template
> git rev-list --count 5e209bd24eee9cf153cc25cacfb1ef119beffa62.. -- /home/luke/Projects/Assignment_3_Updated/A3/Q2/README.md
> git log --format=%H%n%aN%n%aE%n%at%n%ct%n%P%n%B -z -n2 -- /home/luke/Projects/Assignment_3_Updated/A3/Q2/README.md
> git status -z -u
> git symbolic-ref --short HEAD
> git for-each-ref --format=%(refname)%00%(upstream:short)%00%(upstream:track)%00%(objectname) refs/heads/master refs/remotes/master
> git for-each-ref --sort -committerdate --format %(refname) %(objectname) %(*objectname)
> git remote --verbose
> git config --get commit.template
> git rev-list --count 5e209bd24eee9cf153cc25cacfb1ef119beffa62.. -- /home/luke/Projects/Assignment_3_Updated/A3/Q2/README.md
> git log --format=%H%n%aN%n%aE%n%at%n%ct%n%P%n%B -z -n2 -- /home/luke/Projects/Assignment_3_Updated/A3/Q2/README.md
> git status -z -u
> git symbolic-ref --short HEAD
> git for-each-ref --format=%(refname)%00%(upstream:short)%00%(upstream:track)%00%(objectname) refs/heads/master refs/remotes/master
> git for-each-ref --sort -committerdate --format %(refname) %(objectname) %(*objectname)
> git remote --verbose
> git config --get commit.template
> git rev-list --count 5e209bd24eee9cf153cc25cacfb1ef119beffa62.. -- /home/luke/Projects/Assignment_3_Updated/A3/Q2/README.md
> git log --format=%H%n%aN%n%aE%n%at%n%ct%n%P%n%B -z -n2 -- /home/luke/Projects/Assignment_3_Updated/A3/Q2/README.md
> git status -z -u
> git symbolic-ref --short HEAD
> git for-each-ref --format=%(refname)%00%(upstream:short)%00%(upstream:track)%00%(objectname) refs/heads/master refs/remotes/master
> git for-each-ref --sort -committerdate --format %(refname) %(objectname) %(*objectname)
> git remote --verbose
> git config --get commit.template
> git rev-list --count 5e209bd24eee9cf153cc25cacfb1ef119beffa62.. -- /home/luke/Projects/Assignment_3_Updated/A3/Q2/README.md
> git log --format=%H%n%aN%n%aE%n%at%n%ct%n%P%n%B -z -n2 -- /home/luke/Projects/Assignment_3_Updated/A3/Q2/README.md
> git status -z -u
> git symbolic-ref --short HEAD
> git for-each-ref --format=%(refname)%00%(upstream:short)%00%(upstream:track)%00%(objectname) refs/heads/master refs/remotes/master
> git for-each-ref --sort -committerdate --format %(refname) %(objectname) %(*objectname)
> git remote --verbose
> git config --get commit.template
> git rev-list --count 5e209bd24eee9cf153cc25cacfb1ef119beffa62.. -- /home/luke/Projects/Assignment_3_Updated/A3/Q2/README.md
> git log --format=%H%n%aN%n%aE%n%at%n%ct%n%P%n%B -z -n2 -- /home/luke/Projects/Assignment_3_Updated/A3/Q2/README.md
> git status -z -u
> git symbolic-ref --short HEAD
> git for-each-ref --format=%(refname)%00%(upstream:short)%00%(upstream:track)%00%(objectname) refs/heads/master refs/remotes/master
> git for-each-ref --sort -committerdate --format %(refname) %(objectname) %(*objectname)
> git remote --verbose
> git config --get commit.template
> git rev-list --count 5e209bd24eee9cf153cc25cacfb1ef119beffa62.. -- /home/luke/Projects/Assignment_3_Updated/A3/Q2/README.md
> git log --format=%H%n%aN%n%aE%n%at%n%ct%n%P%n%B -z -n2 -- /home/luke/Projects/Assignment_3_Updated/A3/Q2/README.md
> git status -z -u
> git symbolic-ref --short HEAD
> git for-each-ref --format=%(refname)%00%(upstream:short)%00%(upstream:track)%00%(objectname) refs/heads/master refs/remotes/master
> git for-each-ref --sort -committerdate --format %(refname) %(objectname) %(*objectname)
> git remote --verbose
> git config --get commit.template
> git rev-list --count 5e209bd24eee9cf153cc25cacfb1ef119beffa62.. -- /home/luke/Projects/Assignment_3_Updated/A3/Q2/README.md
> git log --format=%H%n%aN%n%aE%n%at%n%ct%n%P%n%B -z -n2 -- /home/luke/Projects/Assignment_3_Updated/A3/Q2/README.md
> git status -z -u
> git symbolic-ref --short HEAD
> git for-each-ref --format=%(refname)%00%(upstream:short)%00%(upstream:track)%00%(objectname) refs/heads/master refs/remotes/master
> git for-each-ref --sort -committerdate --format %(refname) %(objectname) %(*objectname)
> git remote --verbose
> git config --get commit.template
> git rev-list --count 5e209bd24eee9cf153cc25cacfb1ef119beffa62.. -- /home/luke/Projects/Assignment_3_Updated/A3/Q2/README.md
> git log --format=%H%n%aN%n%aE%n%at%n%ct%n%P%n%B -z -n2 -- /home/luke/Projects/Assignment_3_Updated/A3/Q2/README.md
> git status -z -u
> git symbolic-ref --short HEAD
> git for-each-ref --format=%(refname)%00%(upstream:short)%00%(upstream:track)%00%(objectname) refs/heads/master refs/remotes/master
> git for-each-ref --sort -committerdate --format %(refname) %(objectname) %(*objectname)
> git remote --verbose
> git config --get commit.template
> git rev-list --count 5e209bd24eee9cf153cc25cacfb1ef119beffa62.. -- /home/luke/Projects/Assignment_3_Updated/A3/Q2/README.md
> git log --format=%H%n%aN%n%aE%n%at%n%ct%n%P%n%B -z -n2 -- /home/luke/Projects/Assignment_3_Updated/A3/Q2/README.md
> git status -z -u
> git symbolic-ref --short HEAD
> git for-each-ref --format=%(refname)%00%(upstream:short)%00%(upstream:track)%00%(objectname) refs/heads/master refs/remotes/master
> git for-each-ref --sort -committerdate --format %(refname) %(objectname) %(*objectname)
> git remote --verbose
> git config --get commit.template
> git rev-list --count 5e209bd24eee9cf153cc25cacfb1ef119beffa62.. -- /home/luke/Projects/Assignment_3_Updated/A3/Q2/README.md
> git log --format=%H%n%aN%n%aE%n%at%n%ct%n%P%n%B -z -n2 -- /home/luke/Projects/Assignment_3_Updated/A3/Q2/README.md
> git status -z -u
> git symbolic-ref --short HEAD
> git for-each-ref --format=%(refname)%00%(upstream:short)%00%(upstream:track)%00%(objectname) refs/heads/master refs/remotes/master
> git for-each-ref --sort -committerdate --format %(refname) %(objectname) %(*objectname)
> git remote --verbose
> git config --get commit.template
> git rev-list --count 5e209bd24eee9cf153cc25cacfb1ef119beffa62.. -- /home/luke/Projects/Assignment_3_Updated/A3/Q2/README.md
> git log --format=%H%n%aN%n%aE%n%at%n%ct%n%P%n%B -z -n2 -- /home/luke/Projects/Assignment_3_Updated/A3/Q2/README.md
> git status -z -u
> git symbolic-ref --short HEAD
> git for-each-ref --format=%(refname)%00%(upstream:short)%00%(upstream:track)%00%(objectname) refs/heads/master refs/remotes/master
> git for-each-ref --sort -committerdate --format %(refname) %(objectname) %(*objectname)
> git remote --verbose
> git config --get commit.template
> git rev-list --count 5e209bd24eee9cf153cc25cacfb1ef119beffa62.. -- /home/luke/Projects/Assignment_3_Updated/A3/Q2/README.md
> git log --format=%H%n%aN%n%aE%n%at%n%ct%n%P%n%B -z -n2 -- /home/luke/Projects/Assignment_3_Updated/A3/Q2/README.md
> git status -z -u
> git symbolic-ref --short HEAD
> git for-each-ref --format=%(refname)%00%(upstream:short)%00%(upstream:track)%00%(objectname) refs/heads/master refs/remotes/master
> git for-each-ref --sort -committerdate --format %(refname) %(objectname) %(*objectname)
> git remote --verbose
> git config --get commit.template
> git rev-list --count 5e209bd24eee9cf153cc25cacfb1ef119beffa62.. -- /home/luke/Projects/Assignment_3_Updated/A3/Q2/README.md
> git log --format=%H%n%aN%n%aE%n%at%n%ct%n%P%n%B -z -n2 -- /home/luke/Projects/Assignment_3_Updated/A3/Q2/README.md
> git rev-list --count 5e209bd24eee9cf153cc25cacfb1ef119beffa62.. -- /home/luke/Projects/Assignment_3_Updated/A3/Q2/README.md
> git log --format=%H%n%aN%n%aE%n%at%n%ct%n%P%n%B -z -n2 -- /home/luke/Projects/Assignment_3_Updated/A3/Q2/README.md
> git status -z -u
> git symbolic-ref --short HEAD
> git for-each-ref --format=%(refname)%00%(upstream:short)%00%(upstream:track)%00%(objectname) refs/heads/master refs/remotes/master
> git for-each-ref --sort -committerdate --format %(refname) %(objectname) %(*objectname)
> git remote --verbose
> git config --get commit.template
> git ls-files --stage -- /home/luke/Projects/Assignment_3_Updated/A3/Q2/README.md
> git cat-file -s d594020bcb0dc8596e8fbbb7c44ede674d686247
> git show --textconv :Q2/README.md
> git rev-list --count 5e209bd24eee9cf153cc25cacfb1ef119beffa62.. -- /home/luke/Projects/Assignment_3_Updated/A3/Q2/README.md
> git log --format=%H%n%aN%n%aE%n%at%n%ct%n%P%n%B -z -n2 -- /home/luke/Projects/Assignment_3_Updated/A3/Q2/README.md
> git status -z -u
> git symbolic-ref --short HEAD
> git for-each-ref --format=%(refname)%00%(upstream:short)%00%(upstream:track)%00%(objectname) refs/heads/master refs/remotes/master
> git for-each-ref --sort -committerdate --format %(refname) %(objectname) %(*objectname)
> git remote --verbose
> git config --get commit.template
> git rev-list --count 5e209bd24eee9cf153cc25cacfb1ef119beffa62.. -- /home/luke/Projects/Assignment_3_Updated/A3/Q2/README.md
> git log --format=%H%n%aN%n%aE%n%at%n%ct%n%P%n%B -z -n2 -- /home/luke/Projects/Assignment_3_Updated/A3/Q2/README.md
> git status -z -u
> git symbolic-ref --short HEAD
> git for-each-ref --format=%(refname)%00%(upstream:short)%00%(upstream:track)%00%(objectname) refs/heads/master refs/remotes/master
> git for-each-ref --sort -committerdate --format %(refname) %(objectname) %(*objectname)
> git remote --verbose
> git config --get commit.template
> git rev-list --count 5e209bd24eee9cf153cc25cacfb1ef119beffa62.. -- /home/luke/Projects/Assignment_3_Updated/A3/Q2/README.md
> git log --format=%H%n%aN%n%aE%n%at%n%ct%n%P%n%B -z -n2 -- /home/luke/Projects/Assignment_3_Updated/A3/Q2/README.md
> git status -z -u
> git symbolic-ref --short HEAD
> git for-each-ref --format=%(refname)%00%(upstream:short)%00%(upstream:track)%00%(objectname) refs/heads/master refs/remotes/master
> git for-each-ref --sort -committerdate --format %(refname) %(objectname) %(*objectname)
> git remote --verbose
> git config --get commit.template
> git rev-list --count 5e209bd24eee9cf153cc25cacfb1ef119beffa62.. -- /home/luke/Projects/Assignment_3_Updated/A3/Q2/README.md
> git log --format=%H%n%aN%n%aE%n%at%n%ct%n%P%n%B -z -n2 -- /home/luke/Projects/Assignment_3_Updated/A3/Q2/README.md
> git status -z -u
> git symbolic-ref --short HEAD
> git for-each-ref --format=%(refname)%00%(upstream:short)%00%(upstream:track)%00%(objectname) refs/heads/master refs/remotes/master
> git for-each-ref --sort -committerdate --format %(refname) %(objectname) %(*objectname)
> git remote --verbose
> git config --get commit.template
> git rev-list --count 5e209bd24eee9cf153cc25cacfb1ef119beffa62.. -- /home/luke/Projects/Assignment_3_Updated/A3/Q2/README.md
> git log --format=%H%n%aN%n%aE%n%at%n%ct%n%P%n%B -z -n2 -- /home/luke/Projects/Assignment_3_Updated/A3/Q2/README.md
> git status -z -u
> git symbolic-ref --short HEAD
> git for-each-ref --format=%(refname)%00%(upstream:short)%00%(upstream:track)%00%(objectname) refs/heads/master refs/remotes/master
> git for-each-ref --sort -committerdate --format %(refname) %(objectname) %(*objectname)
> git remote --verbose
> git config --get commit.template
> git rev-list --count 5e209bd24eee9cf153cc25cacfb1ef119beffa62.. -- /home/luke/Projects/Assignment_3_Updated/A3/Q2/README.md
> git log --format=%H%n%aN%n%aE%n%at%n%ct%n%P%n%B -z -n2 -- /home/luke/Projects/Assignment_3_Updated/A3/Q2/README.md
> git status -z -u
> git symbolic-ref --short HEAD
> git for-each-ref --format=%(refname)%00%(upstream:short)%00%(upstream:track)%00%(objectname) refs/heads/master refs/remotes/master
> git for-each-ref --sort -committerdate --format %(refname) %(objectname) %(*objectname)
> git remote --verbose
> git config --get commit.template
> git rev-list --count 5e209bd24eee9cf153cc25cacfb1ef119beffa62.. -- /home/luke/Projects/Assignment_3_Updated/A3/Q2/README.md
> git log --format=%H%n%aN%n%aE%n%at%n%ct%n%P%n%B -z -n2 -- /home/luke/Projects/Assignment_3_Updated/A3/Q2/README.md
> git rev-list --count 5e209bd24eee9cf153cc25cacfb1ef119beffa62.. -- /home/luke/Projects/Assignment_3_Updated/A3/Q2/README.md
> git log --format=%H%n%aN%n%aE%n%at%n%ct%n%P%n%B -z -n2 -- /home/luke/Projects/Assignment_3_Updated/A3/Q2/README.md
> git status -z -u
> git symbolic-ref --short HEAD
> git for-each-ref --format=%(refname)%00%(upstream:short)%00%(upstream:track)%00%(objectname) refs/heads/master refs/remotes/master
> git for-each-ref --sort -committerdate --format %(refname) %(objectname) %(*objectname)
> git remote --verbose
> git config --get commit.template
> git ls-files --stage -- /home/luke/Projects/Assignment_3_Updated/A3/Q2/README.md
> git cat-file -s d594020bcb0dc8596e8fbbb7c44ede674d686247
> git show --textconv :Q2/README.md
> git rev-list --count 5e209bd24eee9cf153cc25cacfb1ef119beffa62.. -- /home/luke/Projects/Assignment_3_Updated/A3/Q2/README.md
> git log --format=%H%n%aN%n%aE%n%at%n%ct%n%P%n%B -z -n2 -- /home/luke/Projects/Assignment_3_Updated/A3/Q2/README.md
> git rev-list --count 5e209bd24eee9cf153cc25cacfb1ef119beffa62.. -- /home/luke/Projects/Assignment_3_Updated/A3/Q2/README.md
> git log --format=%H%n%aN%n%aE%n%at%n%ct%n%P%n%B -z -n2 -- /home/luke/Projects/Assignment_3_Updated/A3/Q2/README.md
> git status -z -u
> git symbolic-ref --short HEAD
> git for-each-ref --format=%(refname)%00%(upstream:short)%00%(upstream:track)%00%(objectname) refs/heads/master refs/remotes/master
> git for-each-ref --sort -committerdate --format %(refname) %(objectname) %(*objectname)
> git remote --verbose
> git config --get commit.template
> git ls-files --stage -- /home/luke/Projects/Assignment_3_Updated/A3/Q2/README.md
> git cat-file -s d594020bcb0dc8596e8fbbb7c44ede674d686247
> git show --textconv :Q2/README.md
> git rev-list --count 5e209bd24eee9cf153cc25cacfb1ef119beffa62.. -- /home/luke/Projects/Assignment_3_Updated/A3/Q2/README.md
> git log --format=%H%n%aN%n%aE%n%at%n%ct%n%P%n%B -z -n2 -- /home/luke/Projects/Assignment_3_Updated/A3/Q2/README.md
> git status -z -u
> git symbolic-ref --short HEAD
> git for-each-ref --format=%(refname)%00%(upstream:short)%00%(upstream:track)%00%(objectname) refs/heads/master refs/remotes/master
> git for-each-ref --sort -committerdate --format %(refname) %(objectname) %(*objectname)
> git remote --verbose
> git config --get commit.template
> git rev-list --count 5e209bd24eee9cf153cc25cacfb1ef119beffa62.. -- /home/luke/Projects/Assignment_3_Updated/A3/Q2/README.md
> git log --format=%H%n%aN%n%aE%n%at%n%ct%n%P%n%B -z -n2 -- /home/luke/Projects/Assignment_3_Updated/A3/Q2/README.md
> git rev-list --count 5e209bd24eee9cf153cc25cacfb1ef119beffa62.. -- /home/luke/Projects/Assignment_3_Updated/A3/Q2/README.md
> git log --format=%H%n%aN%n%aE%n%at%n%ct%n%P%n%B -z -n3 -- /home/luke/Projects/Assignment_3_Updated/A3/Q2/README.md
> git status -z -u
> git symbolic-ref --short HEAD
> git for-each-ref --format=%(refname)%00%(upstream:short)%00%(upstream:track)%00%(objectname) refs/heads/master refs/remotes/master
> git for-each-ref --sort -committerdate --format %(refname) %(objectname) %(*objectname)
> git remote --verbose
> git config --get commit.template
> git ls-files --stage -- /home/luke/Projects/Assignment_3_Updated/A3/Q2/README.md
> git cat-file -s d594020bcb0dc8596e8fbbb7c44ede674d686247
> git show --textconv :Q2/README.md
> git rev-list --count 5e209bd24eee9cf153cc25cacfb1ef119beffa62.. -- /home/luke/Projects/Assignment_3_Updated/A3/Q2/README.md
> git log --format=%H%n%aN%n%aE%n%at%n%ct%n%P%n%B -z -n3 -- /home/luke/Projects/Assignment_3_Updated/A3/Q2/README.md
> git status -z -u
> git symbolic-ref --short HEAD
> git for-each-ref --format=%(refname)%00%(upstream:short)%00%(upstream:track)%00%(objectname) refs/heads/master refs/remotes/master
> git for-each-ref --sort -committerdate --format %(refname) %(objectname) %(*objectname)
> git remote --verbose
> git config --get commit.template
> git rev-list --count 5e209bd24eee9cf153cc25cacfb1ef119beffa62.. -- /home/luke/Projects/Assignment_3_Updated/A3/Q2/README.md
> git log --format=%H%n%aN%n%aE%n%at%n%ct%n%P%n%B -z -n3 -- /home/luke/Projects/Assignment_3_Updated/A3/Q2/README.md
