[2021-03-01 17:40:26.258] [exthost] [info] extension host started
[2021-03-01 17:40:26.341] [exthost] [info] ExtensionService#_doActivateExtension llvm-vs-code-extensions.vscode-clangd {"startup":false,"extensionId":{"value":"llvm-vs-code-extensions.vscode-clangd","_lower":"llvm-vs-code-extensions.vscode-clangd"},"activationEvent":"onLanguage:c"}
[2021-03-01 17:40:26.341] [exthost] [info] ExtensionService#loadCommonJSModule file:///home/luke/.vscode-oss/extensions/llvm-vs-code-extensions.vscode-clangd-0.1.9/out/src/extension
[2021-03-01 17:40:26.548] [exthost] [info] ExtensionService#_doActivateExtension vscode.debug-auto-launch {"startup":true,"extensionId":{"value":"vscode.debug-auto-launch","_lower":"vscode.debug-auto-launch"},"activationEvent":"*"}
[2021-03-01 17:40:26.548] [exthost] [info] ExtensionService#loadCommonJSModule file:///usr/lib/code/extensions/debug-auto-launch/dist/extension
[2021-03-01 17:40:26.550] [exthost] [info] ExtensionService#_doActivateExtension vscode.git {"startup":true,"extensionId":{"value":"vscode.github","_lower":"vscode.github"},"activationEvent":"*"}
[2021-03-01 17:40:26.550] [exthost] [info] ExtensionService#loadCommonJSModule file:///usr/lib/code/extensions/git/dist/main
[2021-03-01 17:40:26.565] [exthost] [info] ExtensionService#_doActivateExtension vscodevim.vim {"startup":true,"extensionId":{"value":"vscodevim.vim","_lower":"vscodevim.vim"},"activationEvent":"*"}
[2021-03-01 17:40:26.566] [exthost] [info] ExtensionService#loadCommonJSModule file:///home/luke/.vscode-oss/extensions/vscodevim.vim-1.18.9/out/extension
[2021-03-01 17:40:26.714] [exthost] [info] ExtensionService#_doActivateExtension vscode.github {"startup":true,"extensionId":{"value":"vscode.github","_lower":"vscode.github"},"activationEvent":"*"}
[2021-03-01 17:40:26.714] [exthost] [info] ExtensionService#loadCommonJSModule file:///usr/lib/code/extensions/github/dist/extension.js
[2021-03-01 17:40:26.830] [exthost] [info] ExtensionService#_doActivateExtension ms-vscode.js-debug {"startup":false,"extensionId":{"value":"ms-vscode.js-debug","_lower":"ms-vscode.js-debug"},"activationEvent":"onCommand:extension.js-debug.clearAutoAttachVariables"}
[2021-03-01 17:40:26.830] [exthost] [info] ExtensionService#loadCommonJSModule file:///usr/lib/code/extensions/ms-vscode.js-debug/src/extension.js
[2021-03-01 17:40:26.894] [exthost] [info] eager extensions activated
[2021-03-01 17:40:26.916] [exthost] [info] ExtensionService#_doActivateExtension vscode.emmet {"startup":false,"extensionId":{"value":"vscode.emmet","_lower":"vscode.emmet"},"activationEvent":"onStartupFinished"}
[2021-03-01 17:40:26.916] [exthost] [info] ExtensionService#loadCommonJSModule file:///usr/lib/code/extensions/emmet/dist/node/emmetNodeMain
[2021-03-01 17:40:26.926] [exthost] [info] ExtensionService#_doActivateExtension vscode.merge-conflict {"startup":false,"extensionId":{"value":"vscode.merge-conflict","_lower":"vscode.merge-conflict"},"activationEvent":"onStartupFinished"}
[2021-03-01 17:40:26.926] [exthost] [info] ExtensionService#loadCommonJSModule file:///usr/lib/code/extensions/merge-conflict/dist/mergeConflictMain
[2021-03-01 17:40:26.928] [exthost] [info] ExtensionService#_doActivateExtension vscode.testing-editor-contributions {"startup":false,"extensionId":{"value":"vscode.testing-editor-contributions","_lower":"vscode.testing-editor-contributions"},"activationEvent":"onStartupFinished"}
[2021-03-01 17:40:26.928] [exthost] [info] ExtensionService#loadCommonJSModule file:///usr/lib/code/extensions/testing-editor-contributions/dist/extension.js
[2021-03-01 17:40:33.998] [exthost] [error] [llvm-vs-code-extensions.vscode-clangd] provider FAILED
[2021-03-01 17:40:33.999] [exthost] [error] Canceled: Canceled
	at ClangdLanguageClient.makeCancelError (/home/luke/.vscode-oss/extensions/llvm-vs-code-extensions.vscode-clangd-0.1.9/node_modules/vscode-languageclient/lib/common/client.js:2666:24)
	at ClangdLanguageClient.handleFailedRequest (/home/luke/.vscode-oss/extensions/llvm-vs-code-extensions.vscode-clangd-0.1.9/node_modules/vscode-languageclient/lib/common/client.js:2656:28)
	at ClangdLanguageClient.handleFailedRequest (/home/luke/.vscode-oss/extensions/llvm-vs-code-extensions.vscode-clangd-0.1.9/out/src/clangd-context.js:35:22)
	at /home/luke/.vscode-oss/extensions/llvm-vs-code-extensions.vscode-clangd-0.1.9/node_modules/vscode-languageclient/lib/common/client.js:1231:39
	at runNextTicks (internal/process/task_queues.js:62:5)
	at processImmediate (internal/timers.js:429:9)
[2021-03-01 17:42:27.297] [exthost] [info] extension host terminating: received terminate message from renderer
[2021-03-01 17:42:28.310] [exthost] [info] exiting with code 0
[2021-03-01 17:42:28.988] [exthost] [info] extension host started
[2021-03-01 17:42:29.106] [exthost] [info] ExtensionService#_doActivateExtension llvm-vs-code-extensions.vscode-clangd {"startup":false,"extensionId":{"value":"llvm-vs-code-extensions.vscode-clangd","_lower":"llvm-vs-code-extensions.vscode-clangd"},"activationEvent":"onLanguage:c"}
[2021-03-01 17:42:29.106] [exthost] [info] ExtensionService#loadCommonJSModule file:///home/luke/.vscode-oss/extensions/llvm-vs-code-extensions.vscode-clangd-0.1.9/out/src/extension
[2021-03-01 17:42:29.304] [exthost] [info] ExtensionService#_doActivateExtension vscode.debug-auto-launch {"startup":true,"extensionId":{"value":"vscode.debug-auto-launch","_lower":"vscode.debug-auto-launch"},"activationEvent":"*"}
[2021-03-01 17:42:29.304] [exthost] [info] ExtensionService#loadCommonJSModule file:///usr/lib/code/extensions/debug-auto-launch/dist/extension
[2021-03-01 17:42:29.306] [exthost] [info] ExtensionService#_doActivateExtension vscode.git {"startup":true,"extensionId":{"value":"vscode.github","_lower":"vscode.github"},"activationEvent":"*"}
[2021-03-01 17:42:29.306] [exthost] [info] ExtensionService#loadCommonJSModule file:///usr/lib/code/extensions/git/dist/main
[2021-03-01 17:42:29.317] [exthost] [info] ExtensionService#_doActivateExtension vscodevim.vim {"startup":true,"extensionId":{"value":"vscodevim.vim","_lower":"vscodevim.vim"},"activationEvent":"*"}
[2021-03-01 17:42:29.317] [exthost] [info] ExtensionService#loadCommonJSModule file:///home/luke/.vscode-oss/extensions/vscodevim.vim-1.18.9/out/extension
[2021-03-01 17:42:29.424] [exthost] [info] ExtensionService#_doActivateExtension vscode.github {"startup":true,"extensionId":{"value":"vscode.github","_lower":"vscode.github"},"activationEvent":"*"}
[2021-03-01 17:42:29.424] [exthost] [info] ExtensionService#loadCommonJSModule file:///usr/lib/code/extensions/github/dist/extension.js
[2021-03-01 17:42:29.492] [exthost] [info] ExtensionService#_doActivateExtension ms-vscode.js-debug {"startup":false,"extensionId":{"value":"ms-vscode.js-debug","_lower":"ms-vscode.js-debug"},"activationEvent":"onCommand:extension.js-debug.clearAutoAttachVariables"}
[2021-03-01 17:42:29.492] [exthost] [info] ExtensionService#loadCommonJSModule file:///usr/lib/code/extensions/ms-vscode.js-debug/src/extension.js
[2021-03-01 17:42:29.550] [exthost] [info] eager extensions activated
[2021-03-01 17:42:29.564] [exthost] [info] ExtensionService#_doActivateExtension vscode.emmet {"startup":false,"extensionId":{"value":"vscode.emmet","_lower":"vscode.emmet"},"activationEvent":"onStartupFinished"}
[2021-03-01 17:42:29.564] [exthost] [info] ExtensionService#loadCommonJSModule file:///usr/lib/code/extensions/emmet/dist/node/emmetNodeMain
[2021-03-01 17:42:29.570] [exthost] [info] ExtensionService#_doActivateExtension vscode.merge-conflict {"startup":false,"extensionId":{"value":"vscode.merge-conflict","_lower":"vscode.merge-conflict"},"activationEvent":"onStartupFinished"}
[2021-03-01 17:42:29.570] [exthost] [info] ExtensionService#loadCommonJSModule file:///usr/lib/code/extensions/merge-conflict/dist/mergeConflictMain
[2021-03-01 17:42:29.572] [exthost] [info] ExtensionService#_doActivateExtension vscode.testing-editor-contributions {"startup":false,"extensionId":{"value":"vscode.testing-editor-contributions","_lower":"vscode.testing-editor-contributions"},"activationEvent":"onStartupFinished"}
[2021-03-01 17:42:29.572] [exthost] [info] ExtensionService#loadCommonJSModule file:///usr/lib/code/extensions/testing-editor-contributions/dist/extension.js
[2021-03-01 18:01:49.217] [exthost] [error] [llvm-vs-code-extensions.vscode-clangd] provider FAILED
[2021-03-01 18:01:49.217] [exthost] [error] Canceled: Canceled
	at ClangdLanguageClient.makeCancelError (/home/luke/.vscode-oss/extensions/llvm-vs-code-extensions.vscode-clangd-0.1.9/node_modules/vscode-languageclient/lib/common/client.js:2666:24)
	at ClangdLanguageClient.handleFailedRequest (/home/luke/.vscode-oss/extensions/llvm-vs-code-extensions.vscode-clangd-0.1.9/node_modules/vscode-languageclient/lib/common/client.js:2656:28)
	at ClangdLanguageClient.handleFailedRequest (/home/luke/.vscode-oss/extensions/llvm-vs-code-extensions.vscode-clangd-0.1.9/out/src/clangd-context.js:35:22)
	at /home/luke/.vscode-oss/extensions/llvm-vs-code-extensions.vscode-clangd-0.1.9/node_modules/vscode-languageclient/lib/common/client.js:1115:39
	at runMicrotasks (<anonymous>)
	at runNextTicks (internal/process/task_queues.js:62:5)
	at processImmediate (internal/timers.js:429:9)
[2021-03-01 18:30:44.003] [exthost] [info] ExtensionService#_doActivateExtension vscode.configuration-editing {"startup":false,"extensionId":{"value":"vscode.configuration-editing","_lower":"vscode.configuration-editing"},"activationEvent":"onLanguage:jsonc"}
[2021-03-01 18:30:44.003] [exthost] [info] ExtensionService#loadCommonJSModule file:///usr/lib/code/extensions/configuration-editing/dist/configurationEditingMain
[2021-03-01 18:30:44.013] [exthost] [info] ExtensionService#_doActivateExtension vscode.json-language-features {"startup":false,"extensionId":{"value":"vscode.json-language-features","_lower":"vscode.json-language-features"},"activationEvent":"onLanguage:jsonc"}
[2021-03-01 18:30:44.013] [exthost] [info] ExtensionService#loadCommonJSModule file:///usr/lib/code/extensions/json-language-features/client/dist/node/jsonClientMain
[2021-03-01 18:30:44.023] [exthost] [info] ExtensionService#_doActivateExtension vscode.typescript-language-features {"startup":false,"extensionId":{"value":"vscode.typescript-language-features","_lower":"vscode.typescript-language-features"},"activationEvent":"onLanguage:jsonc"}
[2021-03-01 18:30:44.023] [exthost] [info] ExtensionService#loadCommonJSModule file:///usr/lib/code/extensions/typescript-language-features/dist/extension
[2021-03-01 18:51:36.405] [exthost] [info] ExtensionService#_doActivateExtension vscode.extension-editing {"startup":false,"extensionId":{"value":"vscode.extension-editing","_lower":"vscode.extension-editing"},"activationEvent":"onLanguage:json"}
[2021-03-01 18:51:36.405] [exthost] [info] ExtensionService#loadCommonJSModule file:///usr/lib/code/extensions/extension-editing/dist/extensionEditingMain
[2021-03-01 18:51:36.412] [exthost] [info] ExtensionService#_doActivateExtension vscode.npm {"startup":false,"extensionId":{"value":"vscode.npm","_lower":"vscode.npm"},"activationEvent":"onLanguage:json"}
[2021-03-01 18:51:36.412] [exthost] [info] ExtensionService#loadCommonJSModule file:///usr/lib/code/extensions/npm/dist/npmMain
[2021-03-01 19:23:08.413] [exthost] [error] [llvm-vs-code-extensions.vscode-clangd] provider FAILED
[2021-03-01 19:23:08.413] [exthost] [error] Canceled: Canceled
	at ClangdLanguageClient.makeCancelError (/home/luke/.vscode-oss/extensions/llvm-vs-code-extensions.vscode-clangd-0.1.9/node_modules/vscode-languageclient/lib/common/client.js:2666:24)
	at ClangdLanguageClient.handleFailedRequest (/home/luke/.vscode-oss/extensions/llvm-vs-code-extensions.vscode-clangd-0.1.9/node_modules/vscode-languageclient/lib/common/client.js:2656:28)
	at ClangdLanguageClient.handleFailedRequest (/home/luke/.vscode-oss/extensions/llvm-vs-code-extensions.vscode-clangd-0.1.9/out/src/clangd-context.js:35:22)
	at /home/luke/.vscode-oss/extensions/llvm-vs-code-extensions.vscode-clangd-0.1.9/node_modules/vscode-languageclient/lib/common/client.js:1058:39
[2021-03-01 19:29:09.450] [exthost] [error] [llvm-vs-code-extensions.vscode-clangd] provider FAILED
[2021-03-01 19:29:09.451] [exthost] [error] Canceled: Canceled
	at ClangdLanguageClient.makeCancelError (/home/luke/.vscode-oss/extensions/llvm-vs-code-extensions.vscode-clangd-0.1.9/node_modules/vscode-languageclient/lib/common/client.js:2666:24)
	at ClangdLanguageClient.handleFailedRequest (/home/luke/.vscode-oss/extensions/llvm-vs-code-extensions.vscode-clangd-0.1.9/node_modules/vscode-languageclient/lib/common/client.js:2656:28)
	at ClangdLanguageClient.handleFailedRequest (/home/luke/.vscode-oss/extensions/llvm-vs-code-extensions.vscode-clangd-0.1.9/out/src/clangd-context.js:35:22)
	at /home/luke/.vscode-oss/extensions/llvm-vs-code-extensions.vscode-clangd-0.1.9/node_modules/vscode-languageclient/lib/common/client.js:1115:39
[2021-03-04 11:03:29.936] [exthost] [error] [llvm-vs-code-extensions.vscode-clangd] provider FAILED
[2021-03-04 11:03:29.937] [exthost] [error] Canceled: Canceled
	at ClangdLanguageClient.makeCancelError (/home/luke/.vscode-oss/extensions/llvm-vs-code-extensions.vscode-clangd-0.1.9/node_modules/vscode-languageclient/lib/common/client.js:2666:24)
	at ClangdLanguageClient.handleFailedRequest (/home/luke/.vscode-oss/extensions/llvm-vs-code-extensions.vscode-clangd-0.1.9/node_modules/vscode-languageclient/lib/common/client.js:2656:28)
	at ClangdLanguageClient.handleFailedRequest (/home/luke/.vscode-oss/extensions/llvm-vs-code-extensions.vscode-clangd-0.1.9/out/src/clangd-context.js:35:22)
	at /home/luke/.vscode-oss/extensions/llvm-vs-code-extensions.vscode-clangd-0.1.9/node_modules/vscode-languageclient/lib/common/client.js:1058:39
[2021-03-04 11:03:31.688] [exthost] [error] [llvm-vs-code-extensions.vscode-clangd] provider FAILED
[2021-03-04 11:03:31.688] [exthost] [error] Canceled: Canceled
	at ClangdLanguageClient.makeCancelError (/home/luke/.vscode-oss/extensions/llvm-vs-code-extensions.vscode-clangd-0.1.9/node_modules/vscode-languageclient/lib/common/client.js:2666:24)
	at ClangdLanguageClient.handleFailedRequest (/home/luke/.vscode-oss/extensions/llvm-vs-code-extensions.vscode-clangd-0.1.9/node_modules/vscode-languageclient/lib/common/client.js:2656:28)
	at ClangdLanguageClient.handleFailedRequest (/home/luke/.vscode-oss/extensions/llvm-vs-code-extensions.vscode-clangd-0.1.9/out/src/clangd-context.js:35:22)
	at /home/luke/.vscode-oss/extensions/llvm-vs-code-extensions.vscode-clangd-0.1.9/node_modules/vscode-languageclient/lib/common/client.js:1058:39
[2021-03-04 11:03:48.376] [exthost] [error] [llvm-vs-code-extensions.vscode-clangd] provider FAILED
[2021-03-04 11:03:48.376] [exthost] [error] Canceled: Canceled
	at ClangdLanguageClient.makeCancelError (/home/luke/.vscode-oss/extensions/llvm-vs-code-extensions.vscode-clangd-0.1.9/node_modules/vscode-languageclient/lib/common/client.js:2666:24)
	at ClangdLanguageClient.handleFailedRequest (/home/luke/.vscode-oss/extensions/llvm-vs-code-extensions.vscode-clangd-0.1.9/node_modules/vscode-languageclient/lib/common/client.js:2656:28)
	at ClangdLanguageClient.handleFailedRequest (/home/luke/.vscode-oss/extensions/llvm-vs-code-extensions.vscode-clangd-0.1.9/out/src/clangd-context.js:35:22)
	at /home/luke/.vscode-oss/extensions/llvm-vs-code-extensions.vscode-clangd-0.1.9/node_modules/vscode-languageclient/lib/common/client.js:1058:39
[2021-03-04 11:03:48.573] [exthost] [error] [llvm-vs-code-extensions.vscode-clangd] provider FAILED
[2021-03-04 11:03:48.573] [exthost] [error] Canceled: Canceled
	at ClangdLanguageClient.makeCancelError (/home/luke/.vscode-oss/extensions/llvm-vs-code-extensions.vscode-clangd-0.1.9/node_modules/vscode-languageclient/lib/common/client.js:2666:24)
	at ClangdLanguageClient.handleFailedRequest (/home/luke/.vscode-oss/extensions/llvm-vs-code-extensions.vscode-clangd-0.1.9/node_modules/vscode-languageclient/lib/common/client.js:2656:28)
	at ClangdLanguageClient.handleFailedRequest (/home/luke/.vscode-oss/extensions/llvm-vs-code-extensions.vscode-clangd-0.1.9/out/src/clangd-context.js:35:22)
	at /home/luke/.vscode-oss/extensions/llvm-vs-code-extensions.vscode-clangd-0.1.9/node_modules/vscode-languageclient/lib/common/client.js:1058:39
[2021-03-04 11:03:48.642] [exthost] [error] [llvm-vs-code-extensions.vscode-clangd] provider FAILED
[2021-03-04 11:03:48.642] [exthost] [error] Canceled: Canceled
	at ClangdLanguageClient.makeCancelError (/home/luke/.vscode-oss/extensions/llvm-vs-code-extensions.vscode-clangd-0.1.9/node_modules/vscode-languageclient/lib/common/client.js:2666:24)
	at ClangdLanguageClient.handleFailedRequest (/home/luke/.vscode-oss/extensions/llvm-vs-code-extensions.vscode-clangd-0.1.9/node_modules/vscode-languageclient/lib/common/client.js:2656:28)
	at ClangdLanguageClient.handleFailedRequest (/home/luke/.vscode-oss/extensions/llvm-vs-code-extensions.vscode-clangd-0.1.9/out/src/clangd-context.js:35:22)
	at /home/luke/.vscode-oss/extensions/llvm-vs-code-extensions.vscode-clangd-0.1.9/node_modules/vscode-languageclient/lib/common/client.js:1058:39
[2021-03-04 11:03:50.428] [exthost] [error] [llvm-vs-code-extensions.vscode-clangd] provider FAILED
[2021-03-04 11:03:50.428] [exthost] [error] Canceled: Canceled
	at ClangdLanguageClient.makeCancelError (/home/luke/.vscode-oss/extensions/llvm-vs-code-extensions.vscode-clangd-0.1.9/node_modules/vscode-languageclient/lib/common/client.js:2666:24)
	at ClangdLanguageClient.handleFailedRequest (/home/luke/.vscode-oss/extensions/llvm-vs-code-extensions.vscode-clangd-0.1.9/node_modules/vscode-languageclient/lib/common/client.js:2656:28)
	at ClangdLanguageClient.handleFailedRequest (/home/luke/.vscode-oss/extensions/llvm-vs-code-extensions.vscode-clangd-0.1.9/out/src/clangd-context.js:35:22)
	at /home/luke/.vscode-oss/extensions/llvm-vs-code-extensions.vscode-clangd-0.1.9/node_modules/vscode-languageclient/lib/common/client.js:1058:39
[2021-03-04 11:03:52.402] [exthost] [error] [llvm-vs-code-extensions.vscode-clangd] provider FAILED
[2021-03-04 11:03:52.403] [exthost] [error] Canceled: Canceled
	at ClangdLanguageClient.makeCancelError (/home/luke/.vscode-oss/extensions/llvm-vs-code-extensions.vscode-clangd-0.1.9/node_modules/vscode-languageclient/lib/common/client.js:2666:24)
	at ClangdLanguageClient.handleFailedRequest (/home/luke/.vscode-oss/extensions/llvm-vs-code-extensions.vscode-clangd-0.1.9/node_modules/vscode-languageclient/lib/common/client.js:2656:28)
	at ClangdLanguageClient.handleFailedRequest (/home/luke/.vscode-oss/extensions/llvm-vs-code-extensions.vscode-clangd-0.1.9/out/src/clangd-context.js:35:22)
	at /home/luke/.vscode-oss/extensions/llvm-vs-code-extensions.vscode-clangd-0.1.9/node_modules/vscode-languageclient/lib/common/client.js:1058:39
[2021-03-04 11:03:52.562] [exthost] [error] [llvm-vs-code-extensions.vscode-clangd] provider FAILED
[2021-03-04 11:03:52.562] [exthost] [error] Canceled: Canceled
	at ClangdLanguageClient.makeCancelError (/home/luke/.vscode-oss/extensions/llvm-vs-code-extensions.vscode-clangd-0.1.9/node_modules/vscode-languageclient/lib/common/client.js:2666:24)
	at ClangdLanguageClient.handleFailedRequest (/home/luke/.vscode-oss/extensions/llvm-vs-code-extensions.vscode-clangd-0.1.9/node_modules/vscode-languageclient/lib/common/client.js:2656:28)
	at ClangdLanguageClient.handleFailedRequest (/home/luke/.vscode-oss/extensions/llvm-vs-code-extensions.vscode-clangd-0.1.9/out/src/clangd-context.js:35:22)
	at /home/luke/.vscode-oss/extensions/llvm-vs-code-extensions.vscode-clangd-0.1.9/node_modules/vscode-languageclient/lib/common/client.js:1058:39
[2021-03-04 11:04:01.690] [exthost] [error] [llvm-vs-code-extensions.vscode-clangd] provider FAILED
[2021-03-04 11:04:01.691] [exthost] [error] Canceled: Canceled
	at ClangdLanguageClient.makeCancelError (/home/luke/.vscode-oss/extensions/llvm-vs-code-extensions.vscode-clangd-0.1.9/node_modules/vscode-languageclient/lib/common/client.js:2666:24)
	at ClangdLanguageClient.handleFailedRequest (/home/luke/.vscode-oss/extensions/llvm-vs-code-extensions.vscode-clangd-0.1.9/node_modules/vscode-languageclient/lib/common/client.js:2656:28)
	at ClangdLanguageClient.handleFailedRequest (/home/luke/.vscode-oss/extensions/llvm-vs-code-extensions.vscode-clangd-0.1.9/out/src/clangd-context.js:35:22)
	at /home/luke/.vscode-oss/extensions/llvm-vs-code-extensions.vscode-clangd-0.1.9/node_modules/vscode-languageclient/lib/common/client.js:1058:39
[2021-03-04 11:04:05.740] [exthost] [error] [llvm-vs-code-extensions.vscode-clangd] provider FAILED
[2021-03-04 11:04:05.740] [exthost] [error] Canceled: Canceled
	at ClangdLanguageClient.makeCancelError (/home/luke/.vscode-oss/extensions/llvm-vs-code-extensions.vscode-clangd-0.1.9/node_modules/vscode-languageclient/lib/common/client.js:2666:24)
	at ClangdLanguageClient.handleFailedRequest (/home/luke/.vscode-oss/extensions/llvm-vs-code-extensions.vscode-clangd-0.1.9/node_modules/vscode-languageclient/lib/common/client.js:2656:28)
	at ClangdLanguageClient.handleFailedRequest (/home/luke/.vscode-oss/extensions/llvm-vs-code-extensions.vscode-clangd-0.1.9/out/src/clangd-context.js:35:22)
	at /home/luke/.vscode-oss/extensions/llvm-vs-code-extensions.vscode-clangd-0.1.9/node_modules/vscode-languageclient/lib/common/client.js:1058:39
[2021-03-04 11:04:05.787] [exthost] [error] [llvm-vs-code-extensions.vscode-clangd] provider FAILED
[2021-03-04 11:04:05.788] [exthost] [error] Canceled: Canceled
	at ClangdLanguageClient.makeCancelError (/home/luke/.vscode-oss/extensions/llvm-vs-code-extensions.vscode-clangd-0.1.9/node_modules/vscode-languageclient/lib/common/client.js:2666:24)
	at ClangdLanguageClient.handleFailedRequest (/home/luke/.vscode-oss/extensions/llvm-vs-code-extensions.vscode-clangd-0.1.9/node_modules/vscode-languageclient/lib/common/client.js:2656:28)
	at ClangdLanguageClient.handleFailedRequest (/home/luke/.vscode-oss/extensions/llvm-vs-code-extensions.vscode-clangd-0.1.9/out/src/clangd-context.js:35:22)
	at /home/luke/.vscode-oss/extensions/llvm-vs-code-extensions.vscode-clangd-0.1.9/node_modules/vscode-languageclient/lib/common/client.js:1058:39
[2021-03-04 11:06:03.602] [exthost] [error] [llvm-vs-code-extensions.vscode-clangd] provider FAILED
[2021-03-04 11:06:03.602] [exthost] [error] Canceled: Canceled
	at ClangdLanguageClient.makeCancelError (/home/luke/.vscode-oss/extensions/llvm-vs-code-extensions.vscode-clangd-0.1.9/node_modules/vscode-languageclient/lib/common/client.js:2666:24)
	at ClangdLanguageClient.handleFailedRequest (/home/luke/.vscode-oss/extensions/llvm-vs-code-extensions.vscode-clangd-0.1.9/node_modules/vscode-languageclient/lib/common/client.js:2656:28)
	at ClangdLanguageClient.handleFailedRequest (/home/luke/.vscode-oss/extensions/llvm-vs-code-extensions.vscode-clangd-0.1.9/out/src/clangd-context.js:35:22)
	at /home/luke/.vscode-oss/extensions/llvm-vs-code-extensions.vscode-clangd-0.1.9/node_modules/vscode-languageclient/lib/common/client.js:1058:39
[2021-03-04 11:06:50.986] [exthost] [error] [llvm-vs-code-extensions.vscode-clangd] provider FAILED
[2021-03-04 11:06:50.986] [exthost] [error] Canceled: Canceled
	at ClangdLanguageClient.makeCancelError (/home/luke/.vscode-oss/extensions/llvm-vs-code-extensions.vscode-clangd-0.1.9/node_modules/vscode-languageclient/lib/common/client.js:2666:24)
	at ClangdLanguageClient.handleFailedRequest (/home/luke/.vscode-oss/extensions/llvm-vs-code-extensions.vscode-clangd-0.1.9/node_modules/vscode-languageclient/lib/common/client.js:2656:28)
	at ClangdLanguageClient.handleFailedRequest (/home/luke/.vscode-oss/extensions/llvm-vs-code-extensions.vscode-clangd-0.1.9/out/src/clangd-context.js:35:22)
	at /home/luke/.vscode-oss/extensions/llvm-vs-code-extensions.vscode-clangd-0.1.9/node_modules/vscode-languageclient/lib/common/client.js:1058:39
[2021-03-04 11:06:51.029] [exthost] [error] [llvm-vs-code-extensions.vscode-clangd] provider FAILED
[2021-03-04 11:06:51.029] [exthost] [error] Canceled: Canceled
	at ClangdLanguageClient.makeCancelError (/home/luke/.vscode-oss/extensions/llvm-vs-code-extensions.vscode-clangd-0.1.9/node_modules/vscode-languageclient/lib/common/client.js:2666:24)
	at ClangdLanguageClient.handleFailedRequest (/home/luke/.vscode-oss/extensions/llvm-vs-code-extensions.vscode-clangd-0.1.9/node_modules/vscode-languageclient/lib/common/client.js:2656:28)
	at ClangdLanguageClient.handleFailedRequest (/home/luke/.vscode-oss/extensions/llvm-vs-code-extensions.vscode-clangd-0.1.9/out/src/clangd-context.js:35:22)
	at /home/luke/.vscode-oss/extensions/llvm-vs-code-extensions.vscode-clangd-0.1.9/node_modules/vscode-languageclient/lib/common/client.js:1058:39
[2021-03-04 11:06:52.835] [exthost] [error] [llvm-vs-code-extensions.vscode-clangd] provider FAILED
[2021-03-04 11:06:52.835] [exthost] [error] Canceled: Canceled
	at ClangdLanguageClient.makeCancelError (/home/luke/.vscode-oss/extensions/llvm-vs-code-extensions.vscode-clangd-0.1.9/node_modules/vscode-languageclient/lib/common/client.js:2666:24)
	at ClangdLanguageClient.handleFailedRequest (/home/luke/.vscode-oss/extensions/llvm-vs-code-extensions.vscode-clangd-0.1.9/node_modules/vscode-languageclient/lib/common/client.js:2656:28)
	at ClangdLanguageClient.handleFailedRequest (/home/luke/.vscode-oss/extensions/llvm-vs-code-extensions.vscode-clangd-0.1.9/out/src/clangd-context.js:35:22)
	at /home/luke/.vscode-oss/extensions/llvm-vs-code-extensions.vscode-clangd-0.1.9/node_modules/vscode-languageclient/lib/common/client.js:1058:39
[2021-03-04 11:07:08.160] [exthost] [error] [llvm-vs-code-extensions.vscode-clangd] provider FAILED
[2021-03-04 11:07:08.160] [exthost] [error] Canceled: Canceled
	at ClangdLanguageClient.makeCancelError (/home/luke/.vscode-oss/extensions/llvm-vs-code-extensions.vscode-clangd-0.1.9/node_modules/vscode-languageclient/lib/common/client.js:2666:24)
	at ClangdLanguageClient.handleFailedRequest (/home/luke/.vscode-oss/extensions/llvm-vs-code-extensions.vscode-clangd-0.1.9/node_modules/vscode-languageclient/lib/common/client.js:2656:28)
	at ClangdLanguageClient.handleFailedRequest (/home/luke/.vscode-oss/extensions/llvm-vs-code-extensions.vscode-clangd-0.1.9/out/src/clangd-context.js:35:22)
	at /home/luke/.vscode-oss/extensions/llvm-vs-code-extensions.vscode-clangd-0.1.9/node_modules/vscode-languageclient/lib/common/client.js:1058:39
[2021-03-04 11:07:31.044] [exthost] [error] [llvm-vs-code-extensions.vscode-clangd] provider FAILED
[2021-03-04 11:07:31.044] [exthost] [error] Canceled: Canceled
	at ClangdLanguageClient.makeCancelError (/home/luke/.vscode-oss/extensions/llvm-vs-code-extensions.vscode-clangd-0.1.9/node_modules/vscode-languageclient/lib/common/client.js:2666:24)
	at ClangdLanguageClient.handleFailedRequest (/home/luke/.vscode-oss/extensions/llvm-vs-code-extensions.vscode-clangd-0.1.9/node_modules/vscode-languageclient/lib/common/client.js:2656:28)
	at ClangdLanguageClient.handleFailedRequest (/home/luke/.vscode-oss/extensions/llvm-vs-code-extensions.vscode-clangd-0.1.9/out/src/clangd-context.js:35:22)
	at /home/luke/.vscode-oss/extensions/llvm-vs-code-extensions.vscode-clangd-0.1.9/node_modules/vscode-languageclient/lib/common/client.js:1058:39
[2021-03-04 11:07:56.481] [exthost] [error] [llvm-vs-code-extensions.vscode-clangd] provider FAILED
[2021-03-04 11:07:56.481] [exthost] [error] Canceled: Canceled
	at ClangdLanguageClient.makeCancelError (/home/luke/.vscode-oss/extensions/llvm-vs-code-extensions.vscode-clangd-0.1.9/node_modules/vscode-languageclient/lib/common/client.js:2666:24)
	at ClangdLanguageClient.handleFailedRequest (/home/luke/.vscode-oss/extensions/llvm-vs-code-extensions.vscode-clangd-0.1.9/node_modules/vscode-languageclient/lib/common/client.js:2656:28)
	at ClangdLanguageClient.handleFailedRequest (/home/luke/.vscode-oss/extensions/llvm-vs-code-extensions.vscode-clangd-0.1.9/out/src/clangd-context.js:35:22)
	at /home/luke/.vscode-oss/extensions/llvm-vs-code-extensions.vscode-clangd-0.1.9/node_modules/vscode-languageclient/lib/common/client.js:1058:39
[2021-03-04 11:08:09.216] [exthost] [error] [llvm-vs-code-extensions.vscode-clangd] provider FAILED
[2021-03-04 11:08:09.217] [exthost] [error] Canceled: Canceled
	at ClangdLanguageClient.makeCancelError (/home/luke/.vscode-oss/extensions/llvm-vs-code-extensions.vscode-clangd-0.1.9/node_modules/vscode-languageclient/lib/common/client.js:2666:24)
	at ClangdLanguageClient.handleFailedRequest (/home/luke/.vscode-oss/extensions/llvm-vs-code-extensions.vscode-clangd-0.1.9/node_modules/vscode-languageclient/lib/common/client.js:2656:28)
	at ClangdLanguageClient.handleFailedRequest (/home/luke/.vscode-oss/extensions/llvm-vs-code-extensions.vscode-clangd-0.1.9/out/src/clangd-context.js:35:22)
	at /home/luke/.vscode-oss/extensions/llvm-vs-code-extensions.vscode-clangd-0.1.9/node_modules/vscode-languageclient/lib/common/client.js:1058:39
[2021-03-04 11:08:13.746] [exthost] [error] [llvm-vs-code-extensions.vscode-clangd] provider FAILED
[2021-03-04 11:08:13.746] [exthost] [error] Canceled: Canceled
	at ClangdLanguageClient.makeCancelError (/home/luke/.vscode-oss/extensions/llvm-vs-code-extensions.vscode-clangd-0.1.9/node_modules/vscode-languageclient/lib/common/client.js:2666:24)
	at ClangdLanguageClient.handleFailedRequest (/home/luke/.vscode-oss/extensions/llvm-vs-code-extensions.vscode-clangd-0.1.9/node_modules/vscode-languageclient/lib/common/client.js:2656:28)
	at ClangdLanguageClient.handleFailedRequest (/home/luke/.vscode-oss/extensions/llvm-vs-code-extensions.vscode-clangd-0.1.9/out/src/clangd-context.js:35:22)
	at /home/luke/.vscode-oss/extensions/llvm-vs-code-extensions.vscode-clangd-0.1.9/node_modules/vscode-languageclient/lib/common/client.js:1058:39
[2021-03-04 11:08:13.841] [exthost] [error] [llvm-vs-code-extensions.vscode-clangd] provider FAILED
[2021-03-04 11:08:13.841] [exthost] [error] Canceled: Canceled
	at ClangdLanguageClient.makeCancelError (/home/luke/.vscode-oss/extensions/llvm-vs-code-extensions.vscode-clangd-0.1.9/node_modules/vscode-languageclient/lib/common/client.js:2666:24)
	at ClangdLanguageClient.handleFailedRequest (/home/luke/.vscode-oss/extensions/llvm-vs-code-extensions.vscode-clangd-0.1.9/node_modules/vscode-languageclient/lib/common/client.js:2656:28)
	at ClangdLanguageClient.handleFailedRequest (/home/luke/.vscode-oss/extensions/llvm-vs-code-extensions.vscode-clangd-0.1.9/out/src/clangd-context.js:35:22)
	at /home/luke/.vscode-oss/extensions/llvm-vs-code-extensions.vscode-clangd-0.1.9/node_modules/vscode-languageclient/lib/common/client.js:1058:39
[2021-03-04 11:08:13.973] [exthost] [error] [llvm-vs-code-extensions.vscode-clangd] provider FAILED
[2021-03-04 11:08:13.975] [exthost] [error] Canceled: Canceled
	at ClangdLanguageClient.makeCancelError (/home/luke/.vscode-oss/extensions/llvm-vs-code-extensions.vscode-clangd-0.1.9/node_modules/vscode-languageclient/lib/common/client.js:2666:24)
	at ClangdLanguageClient.handleFailedRequest (/home/luke/.vscode-oss/extensions/llvm-vs-code-extensions.vscode-clangd-0.1.9/node_modules/vscode-languageclient/lib/common/client.js:2656:28)
	at ClangdLanguageClient.handleFailedRequest (/home/luke/.vscode-oss/extensions/llvm-vs-code-extensions.vscode-clangd-0.1.9/out/src/clangd-context.js:35:22)
	at /home/luke/.vscode-oss/extensions/llvm-vs-code-extensions.vscode-clangd-0.1.9/node_modules/vscode-languageclient/lib/common/client.js:1058:39
[2021-03-04 11:21:15.959] [exthost] [error] [llvm-vs-code-extensions.vscode-clangd] provider FAILED
[2021-03-04 11:21:15.960] [exthost] [error] Canceled: Canceled
	at ClangdLanguageClient.makeCancelError (/home/luke/.vscode-oss/extensions/llvm-vs-code-extensions.vscode-clangd-0.1.9/node_modules/vscode-languageclient/lib/common/client.js:2666:24)
	at ClangdLanguageClient.handleFailedRequest (/home/luke/.vscode-oss/extensions/llvm-vs-code-extensions.vscode-clangd-0.1.9/node_modules/vscode-languageclient/lib/common/client.js:2656:28)
	at ClangdLanguageClient.handleFailedRequest (/home/luke/.vscode-oss/extensions/llvm-vs-code-extensions.vscode-clangd-0.1.9/out/src/clangd-context.js:35:22)
	at /home/luke/.vscode-oss/extensions/llvm-vs-code-extensions.vscode-clangd-0.1.9/node_modules/vscode-languageclient/lib/common/client.js:1058:39
[2021-03-04 11:21:38.693] [exthost] [error] [llvm-vs-code-extensions.vscode-clangd] provider FAILED
[2021-03-04 11:21:38.693] [exthost] [error] Canceled: Canceled
	at ClangdLanguageClient.makeCancelError (/home/luke/.vscode-oss/extensions/llvm-vs-code-extensions.vscode-clangd-0.1.9/node_modules/vscode-languageclient/lib/common/client.js:2666:24)
	at ClangdLanguageClient.handleFailedRequest (/home/luke/.vscode-oss/extensions/llvm-vs-code-extensions.vscode-clangd-0.1.9/node_modules/vscode-languageclient/lib/common/client.js:2656:28)
	at ClangdLanguageClient.handleFailedRequest (/home/luke/.vscode-oss/extensions/llvm-vs-code-extensions.vscode-clangd-0.1.9/out/src/clangd-context.js:35:22)
	at /home/luke/.vscode-oss/extensions/llvm-vs-code-extensions.vscode-clangd-0.1.9/node_modules/vscode-languageclient/lib/common/client.js:1058:39
[2021-03-04 11:21:38.774] [exthost] [error] [llvm-vs-code-extensions.vscode-clangd] provider FAILED
[2021-03-04 11:21:38.775] [exthost] [error] Canceled: Canceled
	at ClangdLanguageClient.makeCancelError (/home/luke/.vscode-oss/extensions/llvm-vs-code-extensions.vscode-clangd-0.1.9/node_modules/vscode-languageclient/lib/common/client.js:2666:24)
	at ClangdLanguageClient.handleFailedRequest (/home/luke/.vscode-oss/extensions/llvm-vs-code-extensions.vscode-clangd-0.1.9/node_modules/vscode-languageclient/lib/common/client.js:2656:28)
	at ClangdLanguageClient.handleFailedRequest (/home/luke/.vscode-oss/extensions/llvm-vs-code-extensions.vscode-clangd-0.1.9/out/src/clangd-context.js:35:22)
	at /home/luke/.vscode-oss/extensions/llvm-vs-code-extensions.vscode-clangd-0.1.9/node_modules/vscode-languageclient/lib/common/client.js:1058:39
[2021-03-04 11:21:52.984] [exthost] [error] [llvm-vs-code-extensions.vscode-clangd] provider FAILED
[2021-03-04 11:21:52.984] [exthost] [error] Canceled: Canceled
	at ClangdLanguageClient.makeCancelError (/home/luke/.vscode-oss/extensions/llvm-vs-code-extensions.vscode-clangd-0.1.9/node_modules/vscode-languageclient/lib/common/client.js:2666:24)
	at ClangdLanguageClient.handleFailedRequest (/home/luke/.vscode-oss/extensions/llvm-vs-code-extensions.vscode-clangd-0.1.9/node_modules/vscode-languageclient/lib/common/client.js:2656:28)
	at ClangdLanguageClient.handleFailedRequest (/home/luke/.vscode-oss/extensions/llvm-vs-code-extensions.vscode-clangd-0.1.9/out/src/clangd-context.js:35:22)
	at /home/luke/.vscode-oss/extensions/llvm-vs-code-extensions.vscode-clangd-0.1.9/node_modules/vscode-languageclient/lib/common/client.js:1058:39
[2021-03-04 11:21:53.023] [exthost] [error] [llvm-vs-code-extensions.vscode-clangd] provider FAILED
[2021-03-04 11:21:53.023] [exthost] [error] Canceled: Canceled
	at ClangdLanguageClient.makeCancelError (/home/luke/.vscode-oss/extensions/llvm-vs-code-extensions.vscode-clangd-0.1.9/node_modules/vscode-languageclient/lib/common/client.js:2666:24)
	at ClangdLanguageClient.handleFailedRequest (/home/luke/.vscode-oss/extensions/llvm-vs-code-extensions.vscode-clangd-0.1.9/node_modules/vscode-languageclient/lib/common/client.js:2656:28)
	at ClangdLanguageClient.handleFailedRequest (/home/luke/.vscode-oss/extensions/llvm-vs-code-extensions.vscode-clangd-0.1.9/out/src/clangd-context.js:35:22)
	at /home/luke/.vscode-oss/extensions/llvm-vs-code-extensions.vscode-clangd-0.1.9/node_modules/vscode-languageclient/lib/common/client.js:1058:39
[2021-03-04 11:21:54.883] [exthost] [error] [llvm-vs-code-extensions.vscode-clangd] provider FAILED
[2021-03-04 11:21:54.883] [exthost] [error] Canceled: Canceled
	at ClangdLanguageClient.makeCancelError (/home/luke/.vscode-oss/extensions/llvm-vs-code-extensions.vscode-clangd-0.1.9/node_modules/vscode-languageclient/lib/common/client.js:2666:24)
	at ClangdLanguageClient.handleFailedRequest (/home/luke/.vscode-oss/extensions/llvm-vs-code-extensions.vscode-clangd-0.1.9/node_modules/vscode-languageclient/lib/common/client.js:2656:28)
	at ClangdLanguageClient.handleFailedRequest (/home/luke/.vscode-oss/extensions/llvm-vs-code-extensions.vscode-clangd-0.1.9/out/src/clangd-context.js:35:22)
	at /home/luke/.vscode-oss/extensions/llvm-vs-code-extensions.vscode-clangd-0.1.9/node_modules/vscode-languageclient/lib/common/client.js:1058:39
[2021-03-04 11:22:02.921] [exthost] [error] [llvm-vs-code-extensions.vscode-clangd] provider FAILED
[2021-03-04 11:22:02.921] [exthost] [error] Canceled: Canceled
	at ClangdLanguageClient.makeCancelError (/home/luke/.vscode-oss/extensions/llvm-vs-code-extensions.vscode-clangd-0.1.9/node_modules/vscode-languageclient/lib/common/client.js:2666:24)
	at ClangdLanguageClient.handleFailedRequest (/home/luke/.vscode-oss/extensions/llvm-vs-code-extensions.vscode-clangd-0.1.9/node_modules/vscode-languageclient/lib/common/client.js:2656:28)
	at ClangdLanguageClient.handleFailedRequest (/home/luke/.vscode-oss/extensions/llvm-vs-code-extensions.vscode-clangd-0.1.9/out/src/clangd-context.js:35:22)
	at /home/luke/.vscode-oss/extensions/llvm-vs-code-extensions.vscode-clangd-0.1.9/node_modules/vscode-languageclient/lib/common/client.js:1058:39
[2021-03-04 11:22:03.369] [exthost] [error] [llvm-vs-code-extensions.vscode-clangd] provider FAILED
[2021-03-04 11:22:03.369] [exthost] [error] Canceled: Canceled
	at ClangdLanguageClient.makeCancelError (/home/luke/.vscode-oss/extensions/llvm-vs-code-extensions.vscode-clangd-0.1.9/node_modules/vscode-languageclient/lib/common/client.js:2666:24)
	at ClangdLanguageClient.handleFailedRequest (/home/luke/.vscode-oss/extensions/llvm-vs-code-extensions.vscode-clangd-0.1.9/node_modules/vscode-languageclient/lib/common/client.js:2656:28)
	at ClangdLanguageClient.handleFailedRequest (/home/luke/.vscode-oss/extensions/llvm-vs-code-extensions.vscode-clangd-0.1.9/out/src/clangd-context.js:35:22)
	at /home/luke/.vscode-oss/extensions/llvm-vs-code-extensions.vscode-clangd-0.1.9/node_modules/vscode-languageclient/lib/common/client.js:1058:39
[2021-03-04 11:22:03.792] [exthost] [error] [llvm-vs-code-extensions.vscode-clangd] provider FAILED
[2021-03-04 11:22:03.792] [exthost] [error] Canceled: Canceled
	at ClangdLanguageClient.makeCancelError (/home/luke/.vscode-oss/extensions/llvm-vs-code-extensions.vscode-clangd-0.1.9/node_modules/vscode-languageclient/lib/common/client.js:2666:24)
	at ClangdLanguageClient.handleFailedRequest (/home/luke/.vscode-oss/extensions/llvm-vs-code-extensions.vscode-clangd-0.1.9/node_modules/vscode-languageclient/lib/common/client.js:2656:28)
	at ClangdLanguageClient.handleFailedRequest (/home/luke/.vscode-oss/extensions/llvm-vs-code-extensions.vscode-clangd-0.1.9/out/src/clangd-context.js:35:22)
	at /home/luke/.vscode-oss/extensions/llvm-vs-code-extensions.vscode-clangd-0.1.9/node_modules/vscode-languageclient/lib/common/client.js:1058:39
[2021-03-04 11:22:03.981] [exthost] [error] [llvm-vs-code-extensions.vscode-clangd] provider FAILED
[2021-03-04 11:22:03.981] [exthost] [error] Canceled: Canceled
	at ClangdLanguageClient.makeCancelError (/home/luke/.vscode-oss/extensions/llvm-vs-code-extensions.vscode-clangd-0.1.9/node_modules/vscode-languageclient/lib/common/client.js:2666:24)
	at ClangdLanguageClient.handleFailedRequest (/home/luke/.vscode-oss/extensions/llvm-vs-code-extensions.vscode-clangd-0.1.9/node_modules/vscode-languageclient/lib/common/client.js:2656:28)
	at ClangdLanguageClient.handleFailedRequest (/home/luke/.vscode-oss/extensions/llvm-vs-code-extensions.vscode-clangd-0.1.9/out/src/clangd-context.js:35:22)
	at /home/luke/.vscode-oss/extensions/llvm-vs-code-extensions.vscode-clangd-0.1.9/node_modules/vscode-languageclient/lib/common/client.js:1058:39
[2021-03-04 11:22:04.754] [exthost] [error] [llvm-vs-code-extensions.vscode-clangd] provider FAILED
[2021-03-04 11:22:04.755] [exthost] [error] Canceled: Canceled
	at ClangdLanguageClient.makeCancelError (/home/luke/.vscode-oss/extensions/llvm-vs-code-extensions.vscode-clangd-0.1.9/node_modules/vscode-languageclient/lib/common/client.js:2666:24)
	at ClangdLanguageClient.handleFailedRequest (/home/luke/.vscode-oss/extensions/llvm-vs-code-extensions.vscode-clangd-0.1.9/node_modules/vscode-languageclient/lib/common/client.js:2656:28)
	at ClangdLanguageClient.handleFailedRequest (/home/luke/.vscode-oss/extensions/llvm-vs-code-extensions.vscode-clangd-0.1.9/out/src/clangd-context.js:35:22)
	at /home/luke/.vscode-oss/extensions/llvm-vs-code-extensions.vscode-clangd-0.1.9/node_modules/vscode-languageclient/lib/common/client.js:1058:39
[2021-03-04 11:22:08.847] [exthost] [error] [llvm-vs-code-extensions.vscode-clangd] provider FAILED
[2021-03-04 11:22:08.847] [exthost] [error] Canceled: Canceled
	at ClangdLanguageClient.makeCancelError (/home/luke/.vscode-oss/extensions/llvm-vs-code-extensions.vscode-clangd-0.1.9/node_modules/vscode-languageclient/lib/common/client.js:2666:24)
	at ClangdLanguageClient.handleFailedRequest (/home/luke/.vscode-oss/extensions/llvm-vs-code-extensions.vscode-clangd-0.1.9/node_modules/vscode-languageclient/lib/common/client.js:2656:28)
	at ClangdLanguageClient.handleFailedRequest (/home/luke/.vscode-oss/extensions/llvm-vs-code-extensions.vscode-clangd-0.1.9/out/src/clangd-context.js:35:22)
	at /home/luke/.vscode-oss/extensions/llvm-vs-code-extensions.vscode-clangd-0.1.9/node_modules/vscode-languageclient/lib/common/client.js:1058:39
[2021-03-04 11:24:14.912] [exthost] [error] [llvm-vs-code-extensions.vscode-clangd] provider FAILED
[2021-03-04 11:24:14.912] [exthost] [error] Canceled: Canceled
	at ClangdLanguageClient.makeCancelError (/home/luke/.vscode-oss/extensions/llvm-vs-code-extensions.vscode-clangd-0.1.9/node_modules/vscode-languageclient/lib/common/client.js:2666:24)
	at ClangdLanguageClient.handleFailedRequest (/home/luke/.vscode-oss/extensions/llvm-vs-code-extensions.vscode-clangd-0.1.9/node_modules/vscode-languageclient/lib/common/client.js:2656:28)
	at ClangdLanguageClient.handleFailedRequest (/home/luke/.vscode-oss/extensions/llvm-vs-code-extensions.vscode-clangd-0.1.9/out/src/clangd-context.js:35:22)
	at /home/luke/.vscode-oss/extensions/llvm-vs-code-extensions.vscode-clangd-0.1.9/node_modules/vscode-languageclient/lib/common/client.js:1058:39
[2021-03-04 11:24:19.576] [exthost] [error] [llvm-vs-code-extensions.vscode-clangd] provider FAILED
[2021-03-04 11:24:19.576] [exthost] [error] Canceled: Canceled
	at ClangdLanguageClient.makeCancelError (/home/luke/.vscode-oss/extensions/llvm-vs-code-extensions.vscode-clangd-0.1.9/node_modules/vscode-languageclient/lib/common/client.js:2666:24)
	at ClangdLanguageClient.handleFailedRequest (/home/luke/.vscode-oss/extensions/llvm-vs-code-extensions.vscode-clangd-0.1.9/node_modules/vscode-languageclient/lib/common/client.js:2656:28)
	at ClangdLanguageClient.handleFailedRequest (/home/luke/.vscode-oss/extensions/llvm-vs-code-extensions.vscode-clangd-0.1.9/out/src/clangd-context.js:35:22)
	at /home/luke/.vscode-oss/extensions/llvm-vs-code-extensions.vscode-clangd-0.1.9/node_modules/vscode-languageclient/lib/common/client.js:1058:39
[2021-03-04 11:24:19.776] [exthost] [error] [llvm-vs-code-extensions.vscode-clangd] provider FAILED
[2021-03-04 11:24:19.779] [exthost] [error] Canceled: Canceled
	at ClangdLanguageClient.makeCancelError (/home/luke/.vscode-oss/extensions/llvm-vs-code-extensions.vscode-clangd-0.1.9/node_modules/vscode-languageclient/lib/common/client.js:2666:24)
	at ClangdLanguageClient.handleFailedRequest (/home/luke/.vscode-oss/extensions/llvm-vs-code-extensions.vscode-clangd-0.1.9/node_modules/vscode-languageclient/lib/common/client.js:2656:28)
	at ClangdLanguageClient.handleFailedRequest (/home/luke/.vscode-oss/extensions/llvm-vs-code-extensions.vscode-clangd-0.1.9/out/src/clangd-context.js:35:22)
	at /home/luke/.vscode-oss/extensions/llvm-vs-code-extensions.vscode-clangd-0.1.9/node_modules/vscode-languageclient/lib/common/client.js:1058:39
[2021-03-04 11:24:19.913] [exthost] [error] [llvm-vs-code-extensions.vscode-clangd] provider FAILED
[2021-03-04 11:24:19.913] [exthost] [error] Canceled: Canceled
	at ClangdLanguageClient.makeCancelError (/home/luke/.vscode-oss/extensions/llvm-vs-code-extensions.vscode-clangd-0.1.9/node_modules/vscode-languageclient/lib/common/client.js:2666:24)
	at ClangdLanguageClient.handleFailedRequest (/home/luke/.vscode-oss/extensions/llvm-vs-code-extensions.vscode-clangd-0.1.9/node_modules/vscode-languageclient/lib/common/client.js:2656:28)
	at ClangdLanguageClient.handleFailedRequest (/home/luke/.vscode-oss/extensions/llvm-vs-code-extensions.vscode-clangd-0.1.9/out/src/clangd-context.js:35:22)
	at /home/luke/.vscode-oss/extensions/llvm-vs-code-extensions.vscode-clangd-0.1.9/node_modules/vscode-languageclient/lib/common/client.js:1058:39
[2021-03-04 11:24:19.990] [exthost] [error] [llvm-vs-code-extensions.vscode-clangd] provider FAILED
[2021-03-04 11:24:19.990] [exthost] [error] Canceled: Canceled
	at ClangdLanguageClient.makeCancelError (/home/luke/.vscode-oss/extensions/llvm-vs-code-extensions.vscode-clangd-0.1.9/node_modules/vscode-languageclient/lib/common/client.js:2666:24)
	at ClangdLanguageClient.handleFailedRequest (/home/luke/.vscode-oss/extensions/llvm-vs-code-extensions.vscode-clangd-0.1.9/node_modules/vscode-languageclient/lib/common/client.js:2656:28)
	at ClangdLanguageClient.handleFailedRequest (/home/luke/.vscode-oss/extensions/llvm-vs-code-extensions.vscode-clangd-0.1.9/out/src/clangd-context.js:35:22)
	at /home/luke/.vscode-oss/extensions/llvm-vs-code-extensions.vscode-clangd-0.1.9/node_modules/vscode-languageclient/lib/common/client.js:1058:39
[2021-03-04 11:37:28.584] [exthost] [error] [llvm-vs-code-extensions.vscode-clangd] provider FAILED
[2021-03-04 11:37:28.584] [exthost] [error] Canceled: Canceled
	at ClangdLanguageClient.makeCancelError (/home/luke/.vscode-oss/extensions/llvm-vs-code-extensions.vscode-clangd-0.1.9/node_modules/vscode-languageclient/lib/common/client.js:2666:24)
	at ClangdLanguageClient.handleFailedRequest (/home/luke/.vscode-oss/extensions/llvm-vs-code-extensions.vscode-clangd-0.1.9/node_modules/vscode-languageclient/lib/common/client.js:2656:28)
	at ClangdLanguageClient.handleFailedRequest (/home/luke/.vscode-oss/extensions/llvm-vs-code-extensions.vscode-clangd-0.1.9/out/src/clangd-context.js:35:22)
	at /home/luke/.vscode-oss/extensions/llvm-vs-code-extensions.vscode-clangd-0.1.9/node_modules/vscode-languageclient/lib/common/client.js:1058:39
[2021-03-04 11:55:41.972] [exthost] [info] extension host terminating: received terminate message from renderer
[2021-03-04 11:55:43.002] [exthost] [info] exiting with code 0
